[2017-07-16 09:58:51]: Building depot 477141...

[2017-07-16 09:58:56]: Successfully finished appID 477140 build (BuildID 1964293).
[2017-07-16 10:04:05]: ERROR! App build file does not exist: E:\Programing\C#\GitHubProject\SteamworkGUI\Steamwork-GUI\Sources\SteamworkGUI\SteamworkGUI\bin\Debug\Tools\Steamcmd\Scripts\app_build_477140.vp.
[2017-07-16 10:04:05]: ERROR! App build file does not exist: E:\Programing\C#\GitHubProject\SteamworkGUI\Steamwork-GUI\Sources\SteamworkGUI\SteamworkGUI\bin\Debug\Tools\Steamcmd\Scripts\app_build_477140.v.
[2017-07-16 10:04:05]: ERROR! App build file does not exist: E:\Programing\C#\GitHubProject\SteamworkGUI\Steamwork-GUI\Sources\SteamworkGUI\SteamworkGUI\bin\Debug\Tools\Steamcmd\Scripts\app_build_477140..
[2017-07-16 10:04:05]: ERROR! App build file does not exist: E:\Programing\C#\GitHubProject\SteamworkGUI\Steamwork-GUI\Sources\SteamworkGUI\SteamworkGUI\bin\Debug\Tools\Steamcmd\Scripts\app_build_477140.
[2017-07-16 10:04:06]: ERROR! App build file does not exist: E:\Programing\C#\GitHubProject\SteamworkGUI\Steamwork-GUI\Sources\SteamworkGUI\SteamworkGUI\bin\Debug\Tools\Steamcmd\Scripts\app_build_47714.
[2017-07-16 10:04:06]: ERROR! App build file does not exist: E:\Programing\C#\GitHubProject\SteamworkGUI\Steamwork-GUI\Sources\SteamworkGUI\SteamworkGUI\bin\Debug\Tools\Steamcmd\Scripts\app_build_4771.
[2017-07-16 10:04:06]: ERROR! App build file does not exist: E:\Programing\C#\GitHubProject\SteamworkGUI\Steamwork-GUI\Sources\SteamworkGUI\SteamworkGUI\bin\Debug\Tools\Steamcmd\Scripts\app_build_477.
[2017-07-16 10:04:06]: ERROR! App build file does not exist: E:\Programing\C#\GitHubProject\SteamworkGUI\Steamwork-GUI\Sources\SteamworkGUI\SteamworkGUI\bin\Debug\Tools\Steamcmd\Scripts\app_build_47.
[2017-07-16 10:04:06]: ERROR! App build file does not exist: E:\Programing\C#\GitHubProject\SteamworkGUI\Steamwork-GUI\Sources\SteamworkGUI\SteamworkGUI\bin\Debug\Tools\Steamcmd\Scripts\app_build_4.
[2017-07-16 10:04:06]: ERROR! App build file does not exist: E:\Programing\C#\GitHubProject\SteamworkGUI\Steamwork-GUI\Sources\SteamworkGUI\SteamworkGUI\bin\Debug\Tools\Steamcmd\Scripts\app_build_.
[2017-07-16 10:04:06]: ERROR! App build file does not exist: E:\Programing\C#\GitHubProject\SteamworkGUI\Steamwork-GUI\Sources\SteamworkGUI\SteamworkGUI\bin\Debug\Tools\Steamcmd\Scripts\app_build.
[2017-07-16 10:04:06]: ERROR! App build file does not exist: E:\Programing\C#\GitHubProject\SteamworkGUI\Steamwork-GUI\Sources\SteamworkGUI\SteamworkGUI\bin\Debug\Tools\Steamcmd\Scripts\app_buil.
[2017-07-16 10:04:06]: ERROR! App build file does not exist: E:\Programing\C#\GitHubProject\SteamworkGUI\Steamwork-GUI\Sources\SteamworkGUI\SteamworkGUI\bin\Debug\Tools\Steamcmd\Scripts\app_bui.
[2017-07-16 10:04:06]: ERROR! App build file does not exist: E:\Programing\C#\GitHubProject\SteamworkGUI\Steamwork-GUI\Sources\SteamworkGUI\SteamworkGUI\bin\Debug\Tools\Steamcmd\Scripts\app_bu.
[2017-07-16 10:04:06]: ERROR! App build file does not exist: E:\Programing\C#\GitHubProject\SteamworkGUI\Steamwork-GUI\Sources\SteamworkGUI\SteamworkGUI\bin\Debug\Tools\Steamcmd\Scripts\app_b.
[2017-07-16 10:04:06]: ERROR! App build file does not exist: E:\Programing\C#\GitHubProject\SteamworkGUI\Steamwork-GUI\Sources\SteamworkGUI\SteamworkGUI\bin\Debug\Tools\Steamcmd\Scripts\app_.
[2017-07-16 10:04:06]: ERROR! App build file does not exist: E:\Programing\C#\GitHubProject\SteamworkGUI\Steamwork-GUI\Sources\SteamworkGUI\SteamworkGUI\bin\Debug\Tools\Steamcmd\Scripts\app.
[2017-07-16 10:04:06]: ERROR! App build file does not exist: E:\Programing\C#\GitHubProject\SteamworkGUI\Steamwork-GUI\Sources\SteamworkGUI\SteamworkGUI\bin\Debug\Tools\Steamcmd\Scripts\ap.
[2017-07-16 10:04:06]: ERROR! App build file does not exist: E:\Programing\C#\GitHubProject\SteamworkGUI\Steamwork-GUI\Sources\SteamworkGUI\SteamworkGUI\bin\Debug\Tools\Steamcmd\Scripts\a.
[2017-07-16 10:04:06]: ERROR! App build file does not exist: E:\Programing\C#\GitHubProject\SteamworkGUI\Steamwork-GUI\Sources\SteamworkGUI\SteamworkGUI\bin\Debug\Tools\Steamcmd\Scripts\.
[2017-07-16 10:04:06]: ERROR! App build file does not exist: E:\Programing\C#\GitHubProject\SteamworkGUI\Steamwork-GUI\Sources\SteamworkGUI\SteamworkGUI\bin\Debug\Tools\Steamcmd\Scripts.
[2017-07-16 10:04:06]: ERROR! App build file does not exist: E:\Programing\C#\GitHubProject\SteamworkGUI\Steamwork-GUI\Sources\SteamworkGUI\SteamworkGUI\bin\Debug\Tools\Steamcmd\Script.
[2017-07-16 10:04:06]: ERROR! App build file does not exist: E:\Programing\C#\GitHubProject\SteamworkGUI\Steamwork-GUI\Sources\SteamworkGUI\SteamworkGUI\bin\Debug\Tools\Steamcmd\Scrip.
[2017-07-16 10:04:06]: ERROR! App build file does not exist: E:\Programing\C#\GitHubProject\SteamworkGUI\Steamwork-GUI\Sources\SteamworkGUI\SteamworkGUI\bin\Debug\Tools\Steamcmd\Scri.
[2017-07-16 10:04:06]: ERROR! App build file does not exist: E:\Programing\C#\GitHubProject\SteamworkGUI\Steamwork-GUI\Sources\SteamworkGUI\SteamworkGUI\bin\Debug\Tools\Steamcmd\Scr.
[2017-07-16 10:04:06]: ERROR! App build file does not exist: E:\Programing\C#\GitHubProject\SteamworkGUI\Steamwork-GUI\Sources\SteamworkGUI\SteamworkGUI\bin\Debug\Tools\Steamcmd\Sc.
[2017-07-16 10:04:06]: ERROR! App build file does not exist: E:\Programing\C#\GitHubProject\SteamworkGUI\Steamwork-GUI\Sources\SteamworkGUI\SteamworkGUI\bin\Debug\Tools\Steamcmd\S.
[2017-07-16 10:04:06]: ERROR! App build file does not exist: E:\Programing\C#\GitHubProject\SteamworkGUI\Steamwork-GUI\Sources\SteamworkGUI\SteamworkGUI\bin\Debug\Tools\Steamcmd\.
[2017-07-16 10:04:06]: ERROR! App build file does not exist: E:\Programing\C#\GitHubProject\SteamworkGUI\Steamwork-GUI\Sources\SteamworkGUI\SteamworkGUI\bin\Debug\Tools\Steamcmd.
[2017-07-16 10:04:06]: ERROR! App build file does not exist: E:\Programing\C#\GitHubProject\SteamworkGUI\Steamwork-GUI\Sources\SteamworkGUI\SteamworkGUI\bin\Debug\Tools\Steamcm.
[2017-07-16 10:04:06]: ERROR! App build file does not exist: E:\Programing\C#\GitHubProject\SteamworkGUI\Steamwork-GUI\Sources\SteamworkGUI\SteamworkGUI\bin\Debug\Tools\Steamc.
[2017-07-16 10:04:06]: ERROR! App build file does not exist: E:\Programing\C#\GitHubProject\SteamworkGUI\Steamwork-GUI\Sources\SteamworkGUI\SteamworkGUI\bin\Debug\Tools\Steam.
[2017-07-16 10:04:06]: ERROR! App build file does not exist: E:\Programing\C#\GitHubProject\SteamworkGUI\Steamwork-GUI\Sources\SteamworkGUI\SteamworkGUI\bin\Debug\Tools\Stea.
[2017-07-16 10:04:06]: ERROR! App build file does not exist: E:\Programing\C#\GitHubProject\SteamworkGUI\Steamwork-GUI\Sources\SteamworkGUI\SteamworkGUI\bin\Debug\Tools\Ste.
[2017-07-16 10:04:06]: ERROR! App build file does not exist: E:\Programing\C#\GitHubProject\SteamworkGUI\Steamwork-GUI\Sources\SteamworkGUI\SteamworkGUI\bin\Debug\Tools\St.
[2017-07-16 10:04:06]: ERROR! App build file does not exist: E:\Programing\C#\GitHubProject\SteamworkGUI\Steamwork-GUI\Sources\SteamworkGUI\SteamworkGUI\bin\Debug\Tools\S.
[2017-07-16 10:04:06]: ERROR! App build file does not exist: E:\Programing\C#\GitHubProject\SteamworkGUI\Steamwork-GUI\Sources\SteamworkGUI\SteamworkGUI\bin\Debug\Tools\.
[2017-07-16 10:04:06]: ERROR! App build file does not exist: E:\Programing\C#\GitHubProject\SteamworkGUI\Steamwork-GUI\Sources\SteamworkGUI\SteamworkGUI\bin\Debug\Tools.
[2017-07-16 10:04:06]: ERROR! App build file does not exist: E:\Programing\C#\GitHubProject\SteamworkGUI\Steamwork-GUI\Sources\SteamworkGUI\SteamworkGUI\bin\Debug\Tool.
[2017-07-16 10:04:06]: ERROR! App build file does not exist: E:\Programing\C#\GitHubProject\SteamworkGUI\Steamwork-GUI\Sources\SteamworkGUI\SteamworkGUI\bin\Debug\Too.
[2017-07-16 10:04:07]: ERROR! App build file does not exist: E:\Programing\C#\GitHubProject\SteamworkGUI\Steamwork-GUI\Sources\SteamworkGUI\SteamworkGUI\bin\Debug\To.
[2017-07-16 10:04:07]: ERROR! App build file does not exist: E:\Programing\C#\GitHubProject\SteamworkGUI\Steamwork-GUI\Sources\SteamworkGUI\SteamworkGUI\bin\Debug\T.
[2017-07-16 10:04:07]: ERROR! App build file does not exist: E:\Programing\C#\GitHubProject\SteamworkGUI\Steamwork-GUI\Sources\SteamworkGUI\SteamworkGUI\bin\Debug\.
[2017-07-16 10:04:07]: ERROR! App build file does not exist: E:\Programing\C#\GitHubProject\SteamworkGUI\Steamwork-GUI\Sources\SteamworkGUI\SteamworkGUI\bin\Debug.
[2017-07-16 10:04:07]: ERROR! App build file does not exist: E:\Programing\C#\GitHubProject\SteamworkGUI\Steamwork-GUI\Sources\SteamworkGUI\SteamworkGUI\bin\Debu.
[2017-07-16 10:04:07]: ERROR! App build file does not exist: E:\Programing\C#\GitHubProject\SteamworkGUI\Steamwork-GUI\Sources\SteamworkGUI\SteamworkGUI\bin\Deb.
[2017-07-16 10:04:07]: ERROR! App build file does not exist: E:\Programing\C#\GitHubProject\SteamworkGUI\Steamwork-GUI\Sources\SteamworkGUI\SteamworkGUI\bin\De.
[2017-07-16 10:04:07]: ERROR! App build file does not exist: E:\Programing\C#\GitHubProject\SteamworkGUI\Steamwork-GUI\Sources\SteamworkGUI\SteamworkGUI\bin\D.
[2017-07-16 10:04:07]: ERROR! App build file does not exist: E:\Programing\C#\GitHubProject\SteamworkGUI\Steamwork-GUI\Sources\SteamworkGUI\SteamworkGUI\bin\.
[2017-07-16 10:04:07]: ERROR! App build file does not exist: E:\Programing\C#\GitHubProject\SteamworkGUI\Steamwork-GUI\Sources\SteamworkGUI\SteamworkGUI\bin.
[2017-07-16 10:04:07]: ERROR! App build file does not exist: E:\Programing\C#\GitHubProject\SteamworkGUI\Steamwork-GUI\Sources\SteamworkGUI\SteamworkGUI\bi.
[2017-07-16 10:04:07]: ERROR! App build file does not exist: E:\Programing\C#\GitHubProject\SteamworkGUI\Steamwork-GUI\Sources\SteamworkGUI\SteamworkGUI\b.
[2017-07-16 10:04:07]: ERROR! App build file does not exist: E:\Programing\C#\GitHubProject\SteamworkGUI\Steamwork-GUI\Sources\SteamworkGUI\SteamworkGUI\.
[2017-07-16 10:04:07]: ERROR! App build file does not exist: E:\Programing\C#\GitHubProject\SteamworkGUI\Steamwork-GUI\Sources\SteamworkGUI\SteamworkGUI.
[2017-07-16 10:04:07]: ERROR! App build file does not exist: E:\Programing\C#\GitHubProject\SteamworkGUI\Steamwork-GUI\Sources\SteamworkGUI\SteamworkGU.
[2017-07-16 10:04:07]: ERROR! App build file does not exist: E:\Programing\C#\GitHubProject\SteamworkGUI\Steamwork-GUI\Sources\SteamworkGUI\SteamworkG.
[2017-07-16 10:04:07]: ERROR! App build file does not exist: E:\Programing\C#\GitHubProject\SteamworkGUI\Steamwork-GUI\Sources\SteamworkGUI\Steamwork.
[2017-07-16 10:04:07]: ERROR! App build file does not exist: E:\Programing\C#\GitHubProject\SteamworkGUI\Steamwork-GUI\Sources\SteamworkGUI\Steamwor.
[2017-07-16 10:04:07]: ERROR! App build file does not exist: E:\Programing\C#\GitHubProject\SteamworkGUI\Steamwork-GUI\Sources\SteamworkGUI\Steamwo.
[2017-07-16 10:04:07]: ERROR! App build file does not exist: E:\Programing\C#\GitHubProject\SteamworkGUI\Steamwork-GUI\Sources\SteamworkGUI\Steamw.
[2017-07-16 10:04:07]: ERROR! App build file does not exist: E:\Programing\C#\GitHubProject\SteamworkGUI\Steamwork-GUI\Sources\SteamworkGUI\Steam.
[2017-07-16 10:04:07]: ERROR! App build file does not exist: E:\Programing\C#\GitHubProject\SteamworkGUI\Steamwork-GUI\Sources\SteamworkGUI\Stea.
[2017-07-16 10:04:07]: ERROR! App build file does not exist: E:\Programing\C#\GitHubProject\SteamworkGUI\Steamwork-GUI\Sources\SteamworkGUI\Ste.
[2017-07-16 10:04:07]: ERROR! App build file does not exist: E:\Programing\C#\GitHubProject\SteamworkGUI\Steamwork-GUI\Sources\SteamworkGUI\St.
[2017-07-16 10:04:07]: ERROR! App build file does not exist: E:\Programing\C#\GitHubProject\SteamworkGUI\Steamwork-GUI\Sources\SteamworkGUI\S.
[2017-07-16 10:04:07]: ERROR! App build file does not exist: E:\Programing\C#\GitHubProject\SteamworkGUI\Steamwork-GUI\Sources\SteamworkGUI\.
[2017-07-16 10:04:07]: ERROR! App build file does not exist: E:\Programing\C#\GitHubProject\SteamworkGUI\Steamwork-GUI\Sources\SteamworkGUI.
[2017-07-16 10:04:07]: ERROR! App build file does not exist: E:\Programing\C#\GitHubProject\SteamworkGUI\Steamwork-GUI\Sources\SteamworkGU.
[2017-07-16 10:04:07]: ERROR! App build file does not exist: E:\Programing\C#\GitHubProject\SteamworkGUI\Steamwork-GUI\Sources\SteamworkG.
[2017-07-16 10:04:07]: ERROR! App build file does not exist: E:\Programing\C#\GitHubProject\SteamworkGUI\Steamwork-GUI\Sources\Steamwork.
[2017-07-16 10:04:07]: ERROR! App build file does not exist: E:\Programing\C#\GitHubProject\SteamworkGUI\Steamwork-GUI\Sources\Steamwor.
[2017-07-16 10:04:07]: ERROR! App build file does not exist: E:\Programing\C#\GitHubProject\SteamworkGUI\Steamwork-GUI\Sources\Steamwo.
[2017-07-16 10:04:07]: ERROR! App build file does not exist: E:\Programing\C#\GitHubProject\SteamworkGUI\Steamwork-GUI\Sources\Steamw.
[2017-07-16 10:04:07]: ERROR! App build file does not exist: E:\Programing\C#\GitHubProject\SteamworkGUI\Steamwork-GUI\Sources\Steam.
[2017-07-16 10:04:07]: ERROR! App build file does not exist: E:\Programing\C#\GitHubProject\SteamworkGUI\Steamwork-GUI\Sources\Stea.
[2017-07-16 10:04:07]: ERROR! App build file does not exist: E:\Programing\C#\GitHubProject\SteamworkGUI\Steamwork-GUI\Sources\Ste.
[2017-07-16 10:04:07]: ERROR! App build file does not exist: E:\Programing\C#\GitHubProject\SteamworkGUI\Steamwork-GUI\Sources\St.
[2017-07-16 10:04:07]: ERROR! App build file does not exist: E:\Programing\C#\GitHubProject\SteamworkGUI\Steamwork-GUI\Sources\S.
[2017-07-16 10:04:08]: ERROR! App build file does not exist: E:\Programing\C#\GitHubProject\SteamworkGUI\Steamwork-GUI\Sources\.
[2017-07-16 10:04:08]: ERROR! App build file does not exist: E:\Programing\C#\GitHubProject\SteamworkGUI\Steamwork-GUI\Sources.
[2017-07-16 10:04:08]: ERROR! App build file does not exist: E:\Programing\C#\GitHubProject\SteamworkGUI\Steamwork-GUI\Source.
[2017-07-16 10:04:08]: ERROR! App build file does not exist: E:\Programing\C#\GitHubProject\SteamworkGUI\Steamwork-GUI\Sourc.
[2017-07-16 10:04:08]: ERROR! App build file does not exist: E:\Programing\C#\GitHubProject\SteamworkGUI\Steamwork-GUI\Sour.
[2017-07-16 10:04:08]: ERROR! App build file does not exist: E:\Programing\C#\GitHubProject\SteamworkGUI\Steamwork-GUI\Sou.
[2017-07-16 10:04:08]: ERROR! App build file does not exist: E:\Programing\C#\GitHubProject\SteamworkGUI\Steamwork-GUI\So.
[2017-07-16 10:04:08]: ERROR! App build file does not exist: E:\Programing\C#\GitHubProject\SteamworkGUI\Steamwork-GUI\S.
[2017-07-16 10:04:08]: ERROR! App build file does not exist: E:\Programing\C#\GitHubProject\SteamworkGUI\Steamwork-GUI\.
[2017-07-16 10:04:08]: ERROR! App build file does not exist: E:\Programing\C#\GitHubProject\SteamworkGUI\Steamwork-GUI.
[2017-07-16 10:04:08]: ERROR! App build file does not exist: E:\Programing\C#\GitHubProject\SteamworkGUI\Steamwork-GU.
[2017-07-16 10:04:08]: ERROR! App build file does not exist: E:\Programing\C#\GitHubProject\SteamworkGUI\Steamwork-G.
[2017-07-16 10:04:08]: ERROR! App build file does not exist: E:\Programing\C#\GitHubProject\SteamworkGUI\Steamwork-.
[2017-07-16 10:04:08]: ERROR! App build file does not exist: E:\Programing\C#\GitHubProject\SteamworkGUI\Steamwork.
[2017-07-16 10:04:08]: ERROR! App build file does not exist: E:\Programing\C#\GitHubProject\SteamworkGUI\Steamwor.
[2017-07-16 10:04:08]: ERROR! App build file does not exist: E:\Programing\C#\GitHubProject\SteamworkGUI\Steamwo.
[2017-07-16 10:04:08]: ERROR! App build file does not exist: E:\Programing\C#\GitHubProject\SteamworkGUI\Steamw.
[2017-07-16 10:04:08]: ERROR! App build file does not exist: E:\Programing\C#\GitHubProject\SteamworkGUI\Steam.
[2017-07-16 10:04:08]: ERROR! App build file does not exist: E:\Programing\C#\GitHubProject\SteamworkGUI\Stea.
[2017-07-16 10:04:08]: ERROR! App build file does not exist: E:\Programing\C#\GitHubProject\SteamworkGUI\Ste.
[2017-07-16 10:04:08]: ERROR! App build file does not exist: E:\Programing\C#\GitHubProject\SteamworkGUI\St.
[2017-07-16 10:04:08]: ERROR! App build file does not exist: E:\Programing\C#\GitHubProject\SteamworkGUI\S.
[2017-07-16 10:04:08]: ERROR! App build file does not exist: E:\Programing\C#\GitHubProject\SteamworkGUI\.
[2017-07-16 10:04:08]: ERROR! App build file does not exist: E:\Programing\C#\GitHubProject\SteamworkGUI.
[2017-07-16 10:04:08]: ERROR! App build file does not exist: E:\Programing\C#\GitHubProject\SteamworkGU.
[2017-07-16 10:04:08]: ERROR! App build file does not exist: E:\Programing\C#\GitHubProject\SteamworkG.
[2017-07-16 10:04:08]: ERROR! App build file does not exist: E:\Programing\C#\GitHubProject\Steamwork.
[2017-07-16 10:04:08]: ERROR! App build file does not exist: E:\Programing\C#\GitHubProject\Steamwor.
[2017-07-16 10:04:08]: ERROR! App build file does not exist: E:\Programing\C#\GitHubProject\Steamwo.
[2017-07-16 10:04:08]: ERROR! App build file does not exist: E:\Programing\C#\GitHubProject\Steamw.
[2017-07-16 10:04:08]: ERROR! App build file does not exist: E:\Programing\C#\GitHubProject\Steam.
[2017-07-16 10:04:08]: ERROR! App build file does not exist: E:\Programing\C#\GitHubProject\Stea.
[2017-07-16 10:04:08]: ERROR! App build file does not exist: E:\Programing\C#\GitHubProject\Ste.
[2017-07-16 10:04:08]: ERROR! App build file does not exist: E:\Programing\C#\GitHubProject\St.
[2017-07-16 10:04:08]: ERROR! App build file does not exist: E:\Programing\C#\GitHubProject\S.
[2017-07-16 10:04:08]: ERROR! App build file does not exist: E:\Programing\C#\GitHubProject\.
[2017-07-16 10:04:08]: ERROR! App build file does not exist: E:\Programing\C#\GitHubProject.
[2017-07-16 10:04:08]: ERROR! App build file does not exist: E:\Programing\C#\GitHubProjec.
[2017-07-16 10:04:09]: ERROR! App build file does not exist: E:\Programing\C#\GitHubProje.
[2017-07-16 10:04:09]: ERROR! App build file does not exist: E:\Programing\C#\GitHubProj.
[2017-07-16 10:04:09]: ERROR! App build file does not exist: E:\Programing\C#\GitHubPro.
[2017-07-16 10:04:09]: ERROR! App build file does not exist: E:\Programing\C#\GitHubPr.
[2017-07-16 10:04:09]: ERROR! App build file does not exist: E:\Programing\C#\GitHubP.
[2017-07-16 10:04:09]: ERROR! App build file does not exist: E:\Programing\C#\GitHub.
[2017-07-16 10:04:09]: ERROR! App build file does not exist: E:\Programing\C#\GitHu.
[2017-07-16 10:04:09]: ERROR! App build file does not exist: E:\Programing\C#\GitH.
[2017-07-16 10:04:09]: ERROR! App build file does not exist: E:\Programing\C#\Git.
[2017-07-16 10:04:09]: ERROR! App build file does not exist: E:\Programing\C#\Gi.
[2017-07-16 10:04:09]: ERROR! App build file does not exist: E:\Programing\C#\G.
[2017-07-16 10:04:09]: ERROR! App build file does not exist: E:\Programing\C#\.
[2017-07-16 10:04:09]: ERROR! App build file does not exist: E:\Programing\C#.
[2017-07-16 10:04:09]: ERROR! App build file does not exist: E:\Programing\C.
[2017-07-16 10:04:09]: ERROR! App build file does not exist: E:\Programing\.
[2017-07-16 10:04:09]: ERROR! App build file does not exist: E:\Programing.
[2017-07-16 10:04:09]: ERROR! App build file does not exist: E:\Programin.
[2017-07-16 10:04:09]: ERROR! App build file does not exist: E:\Programi.
[2017-07-16 10:04:09]: ERROR! App build file does not exist: E:\Program.
[2017-07-16 10:04:09]: ERROR! App build file does not exist: E:\Progra.
[2017-07-16 10:04:09]: ERROR! App build file does not exist: E:\Progr.
[2017-07-16 10:04:09]: ERROR! App build file does not exist: E:\Prog.
[2017-07-16 10:04:09]: ERROR! App build file does not exist: E:\Pro.
[2017-07-16 10:04:09]: ERROR! App build file does not exist: E:\Pr.
[2017-07-16 10:04:09]: ERROR! App build file does not exist: E:\P.
[2017-07-16 10:04:09]: ERROR! App build file does not exist: E:\.
[2017-07-16 10:04:09]: ERROR! App build file does not exist: E:.
[2017-07-16 10:04:09]: ERROR! App build file does not exist: E.
