[2017-07-16 18:47:18]: Starting build for depot 477141, content path is "D:\\"
[2017-07-16 18:47:18]: Building file listing for depot 477141 ...
[2017-07-16 18:47:18]: Found 0 files for mapping: D:\Game * -> .
[2017-07-16 18:47:18]: Adding empty folder for empty depot 477141
[2017-07-16 18:47:23]: Building depot 477141, baseline manifest 6985265980589459412 (561 files)
[2017-07-16 18:47:23]: Found 0 new chunks (3150 old ones existed) for depot 477141, took 0 minutes, 0 seconds

[2017-07-16 18:47:23]: Changes to baseline manifest:
[2017-07-16 18:47:23]: Added  : "EmptySteamDepot" 0 kB ,Flags: 64
[2017-07-16 18:47:23]: Removed: Languages (0 kB)
[2017-07-16 18:47:23]: Removed: Languages\český.txt (5 kB)
[2017-07-16 18:47:23]: Removed: Languages\ελληνικά.txt (9 kB)
[2017-07-16 18:47:23]: Removed: Languages\Български.txt (8 kB)
[2017-07-16 18:47:23]: Removed: Languages\русский.txt (9 kB)
[2017-07-16 18:47:23]: Removed: Languages\український.txt (9 kB)
[2017-07-16 18:47:23]: Removed: Languages\العربية.txt (7 kB)
[2017-07-16 18:47:23]: Removed: Languages\ไทย.txt (11 kB)
[2017-07-16 18:47:23]: Removed: Languages\日本語.txt (7 kB)
[2017-07-16 18:47:23]: Removed: Languages\简体中文.txt (4 kB)
[2017-07-16 18:47:23]: Removed: Languages\繁體中文.txt (4 kB)
[2017-07-16 18:47:23]: Removed: Languages\한국의.txt (5 kB)
[2017-07-16 18:47:23]: Removed: Languages\Dansk.txt (5 kB)
[2017-07-16 18:47:23]: Removed: Languages\Deutsch.txt (5 kB)
[2017-07-16 18:47:23]: Removed: Languages\English.txt (5 kB)
[2017-07-16 18:47:23]: Removed: Languages\Español.txt (6 kB)
[2017-07-16 18:47:23]: Removed: Languages\Français.txt (6 kB)
[2017-07-16 18:47:23]: Removed: Languages\Italiano.txt (6 kB)
[2017-07-16 18:47:23]: Removed: Languages\Magyar.txt (5 kB)
[2017-07-16 18:47:23]: Removed: Languages\Nederlands.txt (5 kB)
[2017-07-16 18:47:23]: Removed: Languages\Norske.txt (5 kB)
[2017-07-16 18:47:23]: Removed: Languages\polski.txt (5 kB)
[2017-07-16 18:47:23]: Removed: Languages\português.txt (5 kB)
[2017-07-16 18:47:23]: Removed: Languages\românesc.txt (6 kB)
[2017-07-16 18:47:23]: Removed: Languages\suomalainen.txt (5 kB)
[2017-07-16 18:47:23]: Removed: Languages\svenska.txt (5 kB)
[2017-07-16 18:47:23]: Removed: Languages\Türk.txt (5 kB)
[2017-07-16 18:47:23]: Removed: SparkDimension.exe (17774 kB)
[2017-07-16 18:47:23]: Removed: SparkDimension_Data (0 kB)
[2017-07-16 18:47:23]: Removed: SparkDimension_Data\app.info (1 kB)
[2017-07-16 18:47:23]: Removed: SparkDimension_Data\GI (0 kB)
[2017-07-16 18:47:23]: Removed: SparkDimension_Data\GI\level4 (0 kB)
[2017-07-16 18:47:23]: Removed: SparkDimension_Data\GI\level4\00 (0 kB)
[2017-07-16 18:47:23]: Removed: SparkDimension_Data\GI\level4\00\008b0ac74fc12dc3775cce395677cb61.caw (10 kB)
[2017-07-16 18:47:23]: Removed: SparkDimension_Data\GI\level4\00\008b0ac74fc12dc3775cce395677cb61.ecm (13 kB)
[2017-07-16 18:47:23]: Removed: SparkDimension_Data\GI\level4\00\008b0ac74fc12dc3775cce395677cb61.iws.sse (24 kB)
[2017-07-16 18:47:23]: Removed: SparkDimension_Data\GI\level4\00\008b0ac74fc12dc3775cce395677cb61.rgb (13 kB)
[2017-07-16 18:47:23]: Removed: SparkDimension_Data\GI\level4\00\008b0ac74fc12dc3775cce395677cb61.rsc.sse (221 kB)
[2017-07-16 18:47:23]: Removed: SparkDimension_Data\GI\level4\00\008b0ac74fc12dc3775cce395677cb61.vis (26 kB)
[2017-07-16 18:47:23]: Removed: SparkDimension_Data\GI\level4\05 (0 kB)
[2017-07-16 18:47:23]: Removed: SparkDimension_Data\GI\level4\05\055a0108da3915d4d3b76b655374b909.caw (11 kB)
[2017-07-16 18:47:23]: Removed: SparkDimension_Data\GI\level4\05\055a0108da3915d4d3b76b655374b909.ecm (13 kB)
[2017-07-16 18:47:23]: Removed: SparkDimension_Data\GI\level4\05\055a0108da3915d4d3b76b655374b909.iws.sse (32 kB)
[2017-07-16 18:47:23]: Removed: SparkDimension_Data\GI\level4\05\055a0108da3915d4d3b76b655374b909.rgb (13 kB)
[2017-07-16 18:47:23]: Removed: SparkDimension_Data\GI\level4\05\055a0108da3915d4d3b76b655374b909.rsc.sse (227 kB)
[2017-07-16 18:47:23]: Removed: SparkDimension_Data\GI\level4\05\055a0108da3915d4d3b76b655374b909.vis (34 kB)
[2017-07-16 18:47:23]: Removed: SparkDimension_Data\GI\level4\09 (0 kB)
[2017-07-16 18:47:23]: Removed: SparkDimension_Data\GI\level4\09\097013a11e21cecf7e17cafc97bd4e98.caw (11 kB)
[2017-07-16 18:47:23]: Removed: SparkDimension_Data\GI\level4\09\097013a11e21cecf7e17cafc97bd4e98.ecm (13 kB)
[2017-07-16 18:47:23]: Removed: SparkDimension_Data\GI\level4\09\097013a11e21cecf7e17cafc97bd4e98.iws.sse (29 kB)
[2017-07-16 18:47:23]: Removed: SparkDimension_Data\GI\level4\09\097013a11e21cecf7e17cafc97bd4e98.rgb (13 kB)
[2017-07-16 18:47:23]: Removed: SparkDimension_Data\GI\level4\09\097013a11e21cecf7e17cafc97bd4e98.rsc.sse (237 kB)
[2017-07-16 18:47:23]: Removed: SparkDimension_Data\GI\level4\09\097013a11e21cecf7e17cafc97bd4e98.vis (30 kB)
[2017-07-16 18:47:23]: Removed: SparkDimension_Data\GI\level4\0e (0 kB)
[2017-07-16 18:47:23]: Removed: SparkDimension_Data\GI\level4\0e\0ef89f723a215d30e234573aadc8880b.caw (12 kB)
[2017-07-16 18:47:23]: Removed: SparkDimension_Data\GI\level4\0e\0ef89f723a215d30e234573aadc8880b.ecm (12 kB)
[2017-07-16 18:47:23]: Removed: SparkDimension_Data\GI\level4\0e\0ef89f723a215d30e234573aadc8880b.iws.sse (33 kB)
[2017-07-16 18:47:23]: Removed: SparkDimension_Data\GI\level4\0e\0ef89f723a215d30e234573aadc8880b.rgb (12 kB)
[2017-07-16 18:47:23]: Removed: SparkDimension_Data\GI\level4\0e\0ef89f723a215d30e234573aadc8880b.rsc.sse (229 kB)
[2017-07-16 18:47:23]: Removed: SparkDimension_Data\GI\level4\0e\0ef89f723a215d30e234573aadc8880b.vis (35 kB)
[2017-07-16 18:47:23]: Removed: SparkDimension_Data\GI\level4\16 (0 kB)
[2017-07-16 18:47:23]: Removed: SparkDimension_Data\GI\level4\16\165ce6ec41f2b66834c2693a98abea04.caw (11 kB)
[2017-07-16 18:47:23]: Removed: SparkDimension_Data\GI\level4\16\165ce6ec41f2b66834c2693a98abea04.ecm (13 kB)
[2017-07-16 18:47:23]: Removed: SparkDimension_Data\GI\level4\16\165ce6ec41f2b66834c2693a98abea04.iws.sse (30 kB)
[2017-07-16 18:47:23]: Removed: SparkDimension_Data\GI\level4\16\165ce6ec41f2b66834c2693a98abea04.rgb (13 kB)
[2017-07-16 18:47:23]: Removed: SparkDimension_Data\GI\level4\16\165ce6ec41f2b66834c2693a98abea04.rsc.sse (216 kB)
[2017-07-16 18:47:23]: Removed: SparkDimension_Data\GI\level4\16\165ce6ec41f2b66834c2693a98abea04.vis (32 kB)
[2017-07-16 18:47:23]: Removed: SparkDimension_Data\GI\level4\18 (0 kB)
[2017-07-16 18:47:23]: Removed: SparkDimension_Data\GI\level4\18\18b32ae498ec240ece9f86467b7a4bc8.caw (11 kB)
[2017-07-16 18:47:23]: Removed: SparkDimension_Data\GI\level4\18\18b32ae498ec240ece9f86467b7a4bc8.ecm (13 kB)
[2017-07-16 18:47:23]: Removed: SparkDimension_Data\GI\level4\18\18b32ae498ec240ece9f86467b7a4bc8.iws.sse (29 kB)
[2017-07-16 18:47:23]: Removed: SparkDimension_Data\GI\level4\18\18b32ae498ec240ece9f86467b7a4bc8.rgb (13 kB)
[2017-07-16 18:47:23]: Removed: SparkDimension_Data\GI\level4\18\18b32ae498ec240ece9f86467b7a4bc8.rsc.sse (228 kB)
[2017-07-16 18:47:23]: Removed: SparkDimension_Data\GI\level4\18\18b32ae498ec240ece9f86467b7a4bc8.vis (30 kB)
[2017-07-16 18:47:23]: Removed: SparkDimension_Data\GI\level4\1b (0 kB)
[2017-07-16 18:47:23]: Removed: SparkDimension_Data\GI\level4\1b\1bad2de6b486829dc49889b7ac1af51c.caw (12 kB)
[2017-07-16 18:47:23]: Removed: SparkDimension_Data\GI\level4\1b\1bad2de6b486829dc49889b7ac1af51c.ecm (15 kB)
[2017-07-16 18:47:23]: Removed: SparkDimension_Data\GI\level4\1b\1bad2de6b486829dc49889b7ac1af51c.iws.sse (31 kB)
[2017-07-16 18:47:23]: Removed: SparkDimension_Data\GI\level4\1b\1bad2de6b486829dc49889b7ac1af51c.rgb (15 kB)
[2017-07-16 18:47:23]: Removed: SparkDimension_Data\GI\level4\1b\1bad2de6b486829dc49889b7ac1af51c.rsc.sse (237 kB)
[2017-07-16 18:47:23]: Removed: SparkDimension_Data\GI\level4\1b\1bad2de6b486829dc49889b7ac1af51c.vis (33 kB)
[2017-07-16 18:47:23]: Removed: SparkDimension_Data\GI\level4\1c (0 kB)
[2017-07-16 18:47:23]: Removed: SparkDimension_Data\GI\level4\1c\1c4fd3fcf0bc683d1fba2a83b4514257.caw (10 kB)
[2017-07-16 18:47:23]: Removed: SparkDimension_Data\GI\level4\1c\1c4fd3fcf0bc683d1fba2a83b4514257.ecm (13 kB)
[2017-07-16 18:47:23]: Removed: SparkDimension_Data\GI\level4\1c\1c4fd3fcf0bc683d1fba2a83b4514257.iws.sse (25 kB)
[2017-07-16 18:47:23]: Removed: SparkDimension_Data\GI\level4\1c\1c4fd3fcf0bc683d1fba2a83b4514257.rgb (13 kB)
[2017-07-16 18:47:23]: Removed: SparkDimension_Data\GI\level4\1c\1c4fd3fcf0bc683d1fba2a83b4514257.rsc.sse (225 kB)
[2017-07-16 18:47:23]: Removed: SparkDimension_Data\GI\level4\1c\1c4fd3fcf0bc683d1fba2a83b4514257.vis (26 kB)
[2017-07-16 18:47:23]: Removed: SparkDimension_Data\GI\level4\20 (0 kB)
[2017-07-16 18:47:23]: Removed: SparkDimension_Data\GI\level4\20\204d16a20c4e453db145d8106db9eec9.caw (12 kB)
[2017-07-16 18:47:23]: Removed: SparkDimension_Data\GI\level4\20\204d16a20c4e453db145d8106db9eec9.ecm (13 kB)
[2017-07-16 18:47:23]: Removed: SparkDimension_Data\GI\level4\20\204d16a20c4e453db145d8106db9eec9.iws.sse (33 kB)
[2017-07-16 18:47:23]: Removed: SparkDimension_Data\GI\level4\20\204d16a20c4e453db145d8106db9eec9.rgb (13 kB)
[2017-07-16 18:47:23]: Removed: SparkDimension_Data\GI\level4\20\204d16a20c4e453db145d8106db9eec9.rsc.sse (224 kB)
[2017-07-16 18:47:23]: Removed: SparkDimension_Data\GI\level4\20\204d16a20c4e453db145d8106db9eec9.vis (35 kB)
[2017-07-16 18:47:23]: Removed: SparkDimension_Data\GI\level4\24 (0 kB)
[2017-07-16 18:47:23]: Removed: SparkDimension_Data\GI\level4\24\24273d5e166eb7b240de838c828c3e63.caw (11 kB)
[2017-07-16 18:47:23]: Removed: SparkDimension_Data\GI\level4\24\24273d5e166eb7b240de838c828c3e63.ecm (13 kB)
[2017-07-16 18:47:23]: Removed: SparkDimension_Data\GI\level4\24\24273d5e166eb7b240de838c828c3e63.iws.sse (30 kB)
[2017-07-16 18:47:23]: Removed: SparkDimension_Data\GI\level4\24\24273d5e166eb7b240de838c828c3e63.rgb (13 kB)
[2017-07-16 18:47:23]: Removed: SparkDimension_Data\GI\level4\24\24273d5e166eb7b240de838c828c3e63.rsc.sse (235 kB)
[2017-07-16 18:47:23]: Removed: SparkDimension_Data\GI\level4\24\24273d5e166eb7b240de838c828c3e63.vis (31 kB)
[2017-07-16 18:47:23]: Removed: SparkDimension_Data\GI\level4\2a (0 kB)
[2017-07-16 18:47:23]: Removed: SparkDimension_Data\GI\level4\2a\2a392d5ec9c232f1352452e65cd69d13.caw (11 kB)
[2017-07-16 18:47:23]: Removed: SparkDimension_Data\GI\level4\2a\2a392d5ec9c232f1352452e65cd69d13.ecm (13 kB)
[2017-07-16 18:47:23]: Removed: SparkDimension_Data\GI\level4\2a\2a392d5ec9c232f1352452e65cd69d13.iws.sse (29 kB)
[2017-07-16 18:47:23]: Removed: SparkDimension_Data\GI\level4\2a\2a392d5ec9c232f1352452e65cd69d13.rgb (13 kB)
[2017-07-16 18:47:23]: Removed: SparkDimension_Data\GI\level4\2a\2a392d5ec9c232f1352452e65cd69d13.rsc.sse (230 kB)
[2017-07-16 18:47:23]: Removed: SparkDimension_Data\GI\level4\2a\2a392d5ec9c232f1352452e65cd69d13.vis (30 kB)
[2017-07-16 18:47:23]: Removed: SparkDimension_Data\GI\level4\2f (0 kB)
[2017-07-16 18:47:23]: Removed: SparkDimension_Data\GI\level4\2f\2f00a47545b35e4c60919ea639839698.caw (11 kB)
[2017-07-16 18:47:23]: Removed: SparkDimension_Data\GI\level4\2f\2f00a47545b35e4c60919ea639839698.ecm (13 kB)
[2017-07-16 18:47:23]: Removed: SparkDimension_Data\GI\level4\2f\2f00a47545b35e4c60919ea639839698.iws.sse (31 kB)
[2017-07-16 18:47:23]: Removed: SparkDimension_Data\GI\level4\2f\2f00a47545b35e4c60919ea639839698.rgb (13 kB)
[2017-07-16 18:47:23]: Removed: SparkDimension_Data\GI\level4\2f\2f00a47545b35e4c60919ea639839698.rsc.sse (215 kB)
[2017-07-16 18:47:23]: Removed: SparkDimension_Data\GI\level4\2f\2f00a47545b35e4c60919ea639839698.vis (33 kB)
[2017-07-16 18:47:23]: Removed: SparkDimension_Data\GI\level4\31 (0 kB)
[2017-07-16 18:47:23]: Removed: SparkDimension_Data\GI\level4\31\3192296b2d8ba57cfafad208f6cc4c54.caw (11 kB)
[2017-07-16 18:47:23]: Removed: SparkDimension_Data\GI\level4\31\3192296b2d8ba57cfafad208f6cc4c54.ecm (13 kB)
[2017-07-16 18:47:23]: Removed: SparkDimension_Data\GI\level4\31\3192296b2d8ba57cfafad208f6cc4c54.iws.sse (27 kB)
[2017-07-16 18:47:23]: Removed: SparkDimension_Data\GI\level4\31\3192296b2d8ba57cfafad208f6cc4c54.rgb (13 kB)
[2017-07-16 18:47:23]: Removed: SparkDimension_Data\GI\level4\31\3192296b2d8ba57cfafad208f6cc4c54.rsc.sse (215 kB)
[2017-07-16 18:47:23]: Removed: SparkDimension_Data\GI\level4\31\3192296b2d8ba57cfafad208f6cc4c54.vis (29 kB)
[2017-07-16 18:47:23]: Removed: SparkDimension_Data\GI\level4\3a (0 kB)
[2017-07-16 18:47:23]: Removed: SparkDimension_Data\GI\level4\3a\3aacdd696a76957e52d8959cbeed682f.caw (10 kB)
[2017-07-16 18:47:23]: Removed: SparkDimension_Data\GI\level4\3a\3aacdd696a76957e52d8959cbeed682f.ecm (13 kB)
[2017-07-16 18:47:23]: Removed: SparkDimension_Data\GI\level4\3a\3aacdd696a76957e52d8959cbeed682f.iws.sse (25 kB)
[2017-07-16 18:47:23]: Removed: SparkDimension_Data\GI\level4\3a\3aacdd696a76957e52d8959cbeed682f.rgb (13 kB)
[2017-07-16 18:47:23]: Removed: SparkDimension_Data\GI\level4\3a\3aacdd696a76957e52d8959cbeed682f.rsc.sse (227 kB)
[2017-07-16 18:47:23]: Removed: SparkDimension_Data\GI\level4\3a\3aacdd696a76957e52d8959cbeed682f.vis (26 kB)
[2017-07-16 18:47:23]: Removed: SparkDimension_Data\GI\level4\3b (0 kB)
[2017-07-16 18:47:23]: Removed: SparkDimension_Data\GI\level4\3b\3b2ee3fd9dc909c422c7ab8882096b67.caw (11 kB)
[2017-07-16 18:47:23]: Removed: SparkDimension_Data\GI\level4\3b\3b2ee3fd9dc909c422c7ab8882096b67.ecm (13 kB)
[2017-07-16 18:47:23]: Removed: SparkDimension_Data\GI\level4\3b\3b2ee3fd9dc909c422c7ab8882096b67.iws.sse (32 kB)
[2017-07-16 18:47:23]: Removed: SparkDimension_Data\GI\level4\3b\3b2ee3fd9dc909c422c7ab8882096b67.rgb (13 kB)
[2017-07-16 18:47:23]: Removed: SparkDimension_Data\GI\level4\3b\3b2ee3fd9dc909c422c7ab8882096b67.rsc.sse (223 kB)
[2017-07-16 18:47:23]: Removed: SparkDimension_Data\GI\level4\3b\3b2ee3fd9dc909c422c7ab8882096b67.vis (34 kB)
[2017-07-16 18:47:23]: Removed: SparkDimension_Data\GI\level4\54 (0 kB)
[2017-07-16 18:47:23]: Removed: SparkDimension_Data\GI\level4\54\54066d7ffda73db27e69ecda8c3a9f33.caw (11 kB)
[2017-07-16 18:47:23]: Removed: SparkDimension_Data\GI\level4\54\54066d7ffda73db27e69ecda8c3a9f33.ecm (13 kB)
[2017-07-16 18:47:23]: Removed: SparkDimension_Data\GI\level4\54\54066d7ffda73db27e69ecda8c3a9f33.iws.sse (28 kB)
[2017-07-16 18:47:23]: Removed: SparkDimension_Data\GI\level4\54\54066d7ffda73db27e69ecda8c3a9f33.rgb (13 kB)
[2017-07-16 18:47:23]: Removed: SparkDimension_Data\GI\level4\54\54066d7ffda73db27e69ecda8c3a9f33.rsc.sse (216 kB)
[2017-07-16 18:47:23]: Removed: SparkDimension_Data\GI\level4\54\54066d7ffda73db27e69ecda8c3a9f33.vis (29 kB)
[2017-07-16 18:47:23]: Removed: SparkDimension_Data\GI\level4\5a (0 kB)
[2017-07-16 18:47:23]: Removed: SparkDimension_Data\GI\level4\5a\5ad478ff13deadbdaaa1629f750107c9.caw (11 kB)
[2017-07-16 18:47:23]: Removed: SparkDimension_Data\GI\level4\5a\5ad478ff13deadbdaaa1629f750107c9.ecm (13 kB)
[2017-07-16 18:47:23]: Removed: SparkDimension_Data\GI\level4\5a\5ad478ff13deadbdaaa1629f750107c9.iws.sse (29 kB)
[2017-07-16 18:47:23]: Removed: SparkDimension_Data\GI\level4\5a\5ad478ff13deadbdaaa1629f750107c9.rgb (13 kB)
[2017-07-16 18:47:23]: Removed: SparkDimension_Data\GI\level4\5a\5ad478ff13deadbdaaa1629f750107c9.rsc.sse (240 kB)
[2017-07-16 18:47:23]: Removed: SparkDimension_Data\GI\level4\5a\5ad478ff13deadbdaaa1629f750107c9.vis (30 kB)
[2017-07-16 18:47:23]: Removed: SparkDimension_Data\GI\level4\5d (0 kB)
[2017-07-16 18:47:23]: Removed: SparkDimension_Data\GI\level4\5d\5d5b1027622abdd44d34e5dcc91bcd1b.caw (10 kB)
[2017-07-16 18:47:23]: Removed: SparkDimension_Data\GI\level4\5d\5d5b1027622abdd44d34e5dcc91bcd1b.ecm (13 kB)
[2017-07-16 18:47:23]: Removed: SparkDimension_Data\GI\level4\5d\5d5b1027622abdd44d34e5dcc91bcd1b.iws.sse (26 kB)
[2017-07-16 18:47:23]: Removed: SparkDimension_Data\GI\level4\5d\5d5b1027622abdd44d34e5dcc91bcd1b.rgb (13 kB)
[2017-07-16 18:47:23]: Removed: SparkDimension_Data\GI\level4\5d\5d5b1027622abdd44d34e5dcc91bcd1b.rsc.sse (224 kB)
[2017-07-16 18:47:23]: Removed: SparkDimension_Data\GI\level4\5d\5d5b1027622abdd44d34e5dcc91bcd1b.vis (28 kB)
[2017-07-16 18:47:23]: Removed: SparkDimension_Data\GI\level4\63 (0 kB)
[2017-07-16 18:47:23]: Removed: SparkDimension_Data\GI\level4\63\633d1aed6821e009166e3c73b84f0baf.caw (10 kB)
[2017-07-16 18:47:23]: Removed: SparkDimension_Data\GI\level4\63\633d1aed6821e009166e3c73b84f0baf.ecm (13 kB)
[2017-07-16 18:47:23]: Removed: SparkDimension_Data\GI\level4\63\633d1aed6821e009166e3c73b84f0baf.iws.sse (24 kB)
[2017-07-16 18:47:23]: Removed: SparkDimension_Data\GI\level4\63\633d1aed6821e009166e3c73b84f0baf.rgb (13 kB)
[2017-07-16 18:47:23]: Removed: SparkDimension_Data\GI\level4\63\633d1aed6821e009166e3c73b84f0baf.rsc.sse (214 kB)
[2017-07-16 18:47:23]: Removed: SparkDimension_Data\GI\level4\63\633d1aed6821e009166e3c73b84f0baf.vis (26 kB)
[2017-07-16 18:47:23]: Removed: SparkDimension_Data\GI\level4\69 (0 kB)
[2017-07-16 18:47:23]: Removed: SparkDimension_Data\GI\level4\69\699541aed0f88283170eb9aeb27b31c5.caw (10 kB)
[2017-07-16 18:47:23]: Removed: SparkDimension_Data\GI\level4\69\699541aed0f88283170eb9aeb27b31c5.ecm (13 kB)
[2017-07-16 18:47:23]: Removed: SparkDimension_Data\GI\level4\69\699541aed0f88283170eb9aeb27b31c5.iws.sse (25 kB)
[2017-07-16 18:47:23]: Removed: SparkDimension_Data\GI\level4\69\699541aed0f88283170eb9aeb27b31c5.rgb (13 kB)
[2017-07-16 18:47:23]: Removed: SparkDimension_Data\GI\level4\69\699541aed0f88283170eb9aeb27b31c5.rsc.sse (222 kB)
[2017-07-16 18:47:23]: Removed: SparkDimension_Data\GI\level4\69\699541aed0f88283170eb9aeb27b31c5.vis (26 kB)
[2017-07-16 18:47:23]: Removed: SparkDimension_Data\GI\level4\6a (0 kB)
[2017-07-16 18:47:23]: Removed: SparkDimension_Data\GI\level4\6a\6ae924922735f72bccbc0ca59e49ffa2.caw (10 kB)
[2017-07-16 18:47:23]: Removed: SparkDimension_Data\GI\level4\6a\6ae924922735f72bccbc0ca59e49ffa2.ecm (13 kB)
[2017-07-16 18:47:23]: Removed: SparkDimension_Data\GI\level4\6a\6ae924922735f72bccbc0ca59e49ffa2.iws.sse (23 kB)
[2017-07-16 18:47:23]: Removed: SparkDimension_Data\GI\level4\6a\6ae924922735f72bccbc0ca59e49ffa2.rgb (13 kB)
[2017-07-16 18:47:23]: Removed: SparkDimension_Data\GI\level4\6a\6ae924922735f72bccbc0ca59e49ffa2.rsc.sse (237 kB)
[2017-07-16 18:47:23]: Removed: SparkDimension_Data\GI\level4\6a\6ae924922735f72bccbc0ca59e49ffa2.vis (24 kB)
[2017-07-16 18:47:23]: Removed: SparkDimension_Data\GI\level4\71 (0 kB)
[2017-07-16 18:47:23]: Removed: SparkDimension_Data\GI\level4\71\7153f5d0b80f4691ccab3cdab1239928.caw (10 kB)
[2017-07-16 18:47:23]: Removed: SparkDimension_Data\GI\level4\71\7153f5d0b80f4691ccab3cdab1239928.ecm (13 kB)
[2017-07-16 18:47:23]: Removed: SparkDimension_Data\GI\level4\71\7153f5d0b80f4691ccab3cdab1239928.iws.sse (26 kB)
[2017-07-16 18:47:23]: Removed: SparkDimension_Data\GI\level4\71\7153f5d0b80f4691ccab3cdab1239928.rgb (13 kB)
[2017-07-16 18:47:23]: Removed: SparkDimension_Data\GI\level4\71\7153f5d0b80f4691ccab3cdab1239928.rsc.sse (221 kB)
[2017-07-16 18:47:23]: Removed: SparkDimension_Data\GI\level4\71\7153f5d0b80f4691ccab3cdab1239928.vis (27 kB)
[2017-07-16 18:47:23]: Removed: SparkDimension_Data\GI\level4\71\71efaba348f4a883628635345e814ef8.caw (10 kB)
[2017-07-16 18:47:23]: Removed: SparkDimension_Data\GI\level4\71\71efaba348f4a883628635345e814ef8.ecm (13 kB)
[2017-07-16 18:47:23]: Removed: SparkDimension_Data\GI\level4\71\71efaba348f4a883628635345e814ef8.iws.sse (22 kB)
[2017-07-16 18:47:23]: Removed: SparkDimension_Data\GI\level4\71\71efaba348f4a883628635345e814ef8.rgb (13 kB)
[2017-07-16 18:47:23]: Removed: SparkDimension_Data\GI\level4\71\71efaba348f4a883628635345e814ef8.rsc.sse (220 kB)
[2017-07-16 18:47:23]: Removed: SparkDimension_Data\GI\level4\71\71efaba348f4a883628635345e814ef8.vis (23 kB)
[2017-07-16 18:47:23]: Removed: SparkDimension_Data\GI\level4\74 (0 kB)
[2017-07-16 18:47:23]: Removed: SparkDimension_Data\GI\level4\74\74f62643f008c53e9ec7cf7c07e3b449.caw (11 kB)
[2017-07-16 18:47:23]: Removed: SparkDimension_Data\GI\level4\74\74f62643f008c53e9ec7cf7c07e3b449.ecm (13 kB)
[2017-07-16 18:47:23]: Removed: SparkDimension_Data\GI\level4\74\74f62643f008c53e9ec7cf7c07e3b449.iws.sse (29 kB)
[2017-07-16 18:47:23]: Removed: SparkDimension_Data\GI\level4\74\74f62643f008c53e9ec7cf7c07e3b449.rgb (13 kB)
[2017-07-16 18:47:23]: Removed: SparkDimension_Data\GI\level4\74\74f62643f008c53e9ec7cf7c07e3b449.rsc.sse (235 kB)
[2017-07-16 18:47:23]: Removed: SparkDimension_Data\GI\level4\74\74f62643f008c53e9ec7cf7c07e3b449.vis (30 kB)
[2017-07-16 18:47:23]: Removed: SparkDimension_Data\GI\level4\75 (0 kB)
[2017-07-16 18:47:23]: Removed: SparkDimension_Data\GI\level4\75\7553164885e9ae78dce169ed14a85a13.caw (11 kB)
[2017-07-16 18:47:23]: Removed: SparkDimension_Data\GI\level4\75\7553164885e9ae78dce169ed14a85a13.ecm (13 kB)
[2017-07-16 18:47:23]: Removed: SparkDimension_Data\GI\level4\75\7553164885e9ae78dce169ed14a85a13.iws.sse (29 kB)
[2017-07-16 18:47:23]: Removed: SparkDimension_Data\GI\level4\75\7553164885e9ae78dce169ed14a85a13.rgb (13 kB)
[2017-07-16 18:47:23]: Removed: SparkDimension_Data\GI\level4\75\7553164885e9ae78dce169ed14a85a13.rsc.sse (222 kB)
[2017-07-16 18:47:23]: Removed: SparkDimension_Data\GI\level4\75\7553164885e9ae78dce169ed14a85a13.vis (30 kB)
[2017-07-16 18:47:23]: Removed: SparkDimension_Data\GI\level4\78 (0 kB)
[2017-07-16 18:47:23]: Removed: SparkDimension_Data\GI\level4\78\78a40347c528712eeb7747d968f42247.caw (11 kB)
[2017-07-16 18:47:23]: Removed: SparkDimension_Data\GI\level4\78\78a40347c528712eeb7747d968f42247.ecm (14 kB)
[2017-07-16 18:47:23]: Removed: SparkDimension_Data\GI\level4\78\78a40347c528712eeb7747d968f42247.iws.sse (30 kB)
[2017-07-16 18:47:23]: Removed: SparkDimension_Data\GI\level4\78\78a40347c528712eeb7747d968f42247.rgb (14 kB)
[2017-07-16 18:47:23]: Removed: SparkDimension_Data\GI\level4\78\78a40347c528712eeb7747d968f42247.rsc.sse (228 kB)
[2017-07-16 18:47:23]: Removed: SparkDimension_Data\GI\level4\78\78a40347c528712eeb7747d968f42247.vis (31 kB)
[2017-07-16 18:47:23]: Removed: SparkDimension_Data\GI\level4\78\78b148cada798330c914a714b32325ed.caw (12 kB)
[2017-07-16 18:47:23]: Removed: SparkDimension_Data\GI\level4\78\78b148cada798330c914a714b32325ed.ecm (12 kB)
[2017-07-16 18:47:23]: Removed: SparkDimension_Data\GI\level4\78\78b148cada798330c914a714b32325ed.iws.sse (37 kB)
[2017-07-16 18:47:23]: Removed: SparkDimension_Data\GI\level4\78\78b148cada798330c914a714b32325ed.rgb (12 kB)
[2017-07-16 18:47:23]: Removed: SparkDimension_Data\GI\level4\78\78b148cada798330c914a714b32325ed.rsc.sse (223 kB)
[2017-07-16 18:47:23]: Removed: SparkDimension_Data\GI\level4\78\78b148cada798330c914a714b32325ed.vis (38 kB)
[2017-07-16 18:47:23]: Removed: SparkDimension_Data\GI\level4\84 (0 kB)
[2017-07-16 18:47:23]: Removed: SparkDimension_Data\GI\level4\84\84826fe80fe2c9bde1815457b7220634.caw (12 kB)
[2017-07-16 18:47:23]: Removed: SparkDimension_Data\GI\level4\84\84826fe80fe2c9bde1815457b7220634.ecm (13 kB)
[2017-07-16 18:47:23]: Removed: SparkDimension_Data\GI\level4\84\84826fe80fe2c9bde1815457b7220634.iws.sse (33 kB)
[2017-07-16 18:47:23]: Removed: SparkDimension_Data\GI\level4\84\84826fe80fe2c9bde1815457b7220634.rgb (13 kB)
[2017-07-16 18:47:23]: Removed: SparkDimension_Data\GI\level4\84\84826fe80fe2c9bde1815457b7220634.rsc.sse (216 kB)
[2017-07-16 18:47:23]: Removed: SparkDimension_Data\GI\level4\84\84826fe80fe2c9bde1815457b7220634.vis (34 kB)
[2017-07-16 18:47:23]: Removed: SparkDimension_Data\GI\level4\8a (0 kB)
[2017-07-16 18:47:23]: Removed: SparkDimension_Data\GI\level4\8a\8abd2de4c9778b602f7a62f925bd39b1.caw (11 kB)
[2017-07-16 18:47:23]: Removed: SparkDimension_Data\GI\level4\8a\8abd2de4c9778b602f7a62f925bd39b1.ecm (13 kB)
[2017-07-16 18:47:23]: Removed: SparkDimension_Data\GI\level4\8a\8abd2de4c9778b602f7a62f925bd39b1.iws.sse (27 kB)
[2017-07-16 18:47:23]: Removed: SparkDimension_Data\GI\level4\8a\8abd2de4c9778b602f7a62f925bd39b1.rgb (13 kB)
[2017-07-16 18:47:23]: Removed: SparkDimension_Data\GI\level4\8a\8abd2de4c9778b602f7a62f925bd39b1.rsc.sse (225 kB)
[2017-07-16 18:47:23]: Removed: SparkDimension_Data\GI\level4\8a\8abd2de4c9778b602f7a62f925bd39b1.vis (29 kB)
[2017-07-16 18:47:23]: Removed: SparkDimension_Data\GI\level4\8e (0 kB)
[2017-07-16 18:47:23]: Removed: SparkDimension_Data\GI\level4\8e\8e33797be2625c0eb198bdaa48519eed.caw (12 kB)
[2017-07-16 18:47:23]: Removed: SparkDimension_Data\GI\level4\8e\8e33797be2625c0eb198bdaa48519eed.ecm (12 kB)
[2017-07-16 18:47:23]: Removed: SparkDimension_Data\GI\level4\8e\8e33797be2625c0eb198bdaa48519eed.iws.sse (35 kB)
[2017-07-16 18:47:23]: Removed: SparkDimension_Data\GI\level4\8e\8e33797be2625c0eb198bdaa48519eed.rgb (12 kB)
[2017-07-16 18:47:23]: Removed: SparkDimension_Data\GI\level4\8e\8e33797be2625c0eb198bdaa48519eed.rsc.sse (230 kB)
[2017-07-16 18:47:23]: Removed: SparkDimension_Data\GI\level4\8e\8e33797be2625c0eb198bdaa48519eed.vis (36 kB)
[2017-07-16 18:47:23]: Removed: SparkDimension_Data\GI\level4\90 (0 kB)
[2017-07-16 18:47:23]: Removed: SparkDimension_Data\GI\level4\90\9089894feb1b77832864c5d51397fb01.caw (12 kB)
[2017-07-16 18:47:23]: Removed: SparkDimension_Data\GI\level4\90\9089894feb1b77832864c5d51397fb01.ecm (13 kB)
[2017-07-16 18:47:23]: Removed: SparkDimension_Data\GI\level4\90\9089894feb1b77832864c5d51397fb01.iws.sse (39 kB)
[2017-07-16 18:47:23]: Removed: SparkDimension_Data\GI\level4\90\9089894feb1b77832864c5d51397fb01.rgb (13 kB)
[2017-07-16 18:47:23]: Removed: SparkDimension_Data\GI\level4\90\9089894feb1b77832864c5d51397fb01.rsc.sse (218 kB)
[2017-07-16 18:47:23]: Removed: SparkDimension_Data\GI\level4\90\9089894feb1b77832864c5d51397fb01.vis (41 kB)
[2017-07-16 18:47:23]: Removed: SparkDimension_Data\GI\level4\90\909d0d556b6de952c9a79b133a2aa94a.caw (10 kB)
[2017-07-16 18:47:23]: Removed: SparkDimension_Data\GI\level4\90\909d0d556b6de952c9a79b133a2aa94a.ecm (13 kB)
[2017-07-16 18:47:23]: Removed: SparkDimension_Data\GI\level4\90\909d0d556b6de952c9a79b133a2aa94a.iws.sse (25 kB)
[2017-07-16 18:47:23]: Removed: SparkDimension_Data\GI\level4\90\909d0d556b6de952c9a79b133a2aa94a.rgb (13 kB)
[2017-07-16 18:47:23]: Removed: SparkDimension_Data\GI\level4\90\909d0d556b6de952c9a79b133a2aa94a.rsc.sse (227 kB)
[2017-07-16 18:47:23]: Removed: SparkDimension_Data\GI\level4\90\909d0d556b6de952c9a79b133a2aa94a.vis (27 kB)
[2017-07-16 18:47:23]: Removed: SparkDimension_Data\GI\level4\90\909d9644ce22c6fe08f98ed86128b16d.caw (10 kB)
[2017-07-16 18:47:23]: Removed: SparkDimension_Data\GI\level4\90\909d9644ce22c6fe08f98ed86128b16d.ecm (12 kB)
[2017-07-16 18:47:23]: Removed: SparkDimension_Data\GI\level4\90\909d9644ce22c6fe08f98ed86128b16d.iws.sse (23 kB)
[2017-07-16 18:47:23]: Removed: SparkDimension_Data\GI\level4\90\909d9644ce22c6fe08f98ed86128b16d.rgb (12 kB)
[2017-07-16 18:47:23]: Removed: SparkDimension_Data\GI\level4\90\909d9644ce22c6fe08f98ed86128b16d.rsc.sse (235 kB)
[2017-07-16 18:47:23]: Removed: SparkDimension_Data\GI\level4\90\909d9644ce22c6fe08f98ed86128b16d.vis (24 kB)
[2017-07-16 18:47:23]: Removed: SparkDimension_Data\GI\level4\94 (0 kB)
[2017-07-16 18:47:23]: Removed: SparkDimension_Data\GI\level4\94\94d48e046aa9c36f5bce9efa519393f1.caw (10 kB)
[2017-07-16 18:47:23]: Removed: SparkDimension_Data\GI\level4\94\94d48e046aa9c36f5bce9efa519393f1.ecm (13 kB)
[2017-07-16 18:47:23]: Removed: SparkDimension_Data\GI\level4\94\94d48e046aa9c36f5bce9efa519393f1.iws.sse (22 kB)
[2017-07-16 18:47:23]: Removed: SparkDimension_Data\GI\level4\94\94d48e046aa9c36f5bce9efa519393f1.rgb (13 kB)
[2017-07-16 18:47:23]: Removed: SparkDimension_Data\GI\level4\94\94d48e046aa9c36f5bce9efa519393f1.rsc.sse (221 kB)
[2017-07-16 18:47:23]: Removed: SparkDimension_Data\GI\level4\94\94d48e046aa9c36f5bce9efa519393f1.vis (23 kB)
[2017-07-16 18:47:23]: Removed: SparkDimension_Data\GI\level4\97 (0 kB)
[2017-07-16 18:47:23]: Removed: SparkDimension_Data\GI\level4\97\97ef4fb94b3584ee6f198b98f3b6a784.caw (10 kB)
[2017-07-16 18:47:23]: Removed: SparkDimension_Data\GI\level4\97\97ef4fb94b3584ee6f198b98f3b6a784.ecm (13 kB)
[2017-07-16 18:47:23]: Removed: SparkDimension_Data\GI\level4\97\97ef4fb94b3584ee6f198b98f3b6a784.iws.sse (24 kB)
[2017-07-16 18:47:23]: Removed: SparkDimension_Data\GI\level4\97\97ef4fb94b3584ee6f198b98f3b6a784.rgb (13 kB)
[2017-07-16 18:47:23]: Removed: SparkDimension_Data\GI\level4\97\97ef4fb94b3584ee6f198b98f3b6a784.rsc.sse (230 kB)
[2017-07-16 18:47:23]: Removed: SparkDimension_Data\GI\level4\97\97ef4fb94b3584ee6f198b98f3b6a784.vis (25 kB)
[2017-07-16 18:47:23]: Removed: SparkDimension_Data\GI\level4\9a (0 kB)
[2017-07-16 18:47:23]: Removed: SparkDimension_Data\GI\level4\9a\9aacd81b8cda80da6d43e8b9d39cd70a.caw (9 kB)
[2017-07-16 18:47:23]: Removed: SparkDimension_Data\GI\level4\9a\9aacd81b8cda80da6d43e8b9d39cd70a.ecm (13 kB)
[2017-07-16 18:47:23]: Removed: SparkDimension_Data\GI\level4\9a\9aacd81b8cda80da6d43e8b9d39cd70a.iws.sse (21 kB)
[2017-07-16 18:47:23]: Removed: SparkDimension_Data\GI\level4\9a\9aacd81b8cda80da6d43e8b9d39cd70a.rgb (13 kB)
[2017-07-16 18:47:23]: Removed: SparkDimension_Data\GI\level4\9a\9aacd81b8cda80da6d43e8b9d39cd70a.rsc.sse (213 kB)
[2017-07-16 18:47:23]: Removed: SparkDimension_Data\GI\level4\9a\9aacd81b8cda80da6d43e8b9d39cd70a.vis (22 kB)
[2017-07-16 18:47:23]: Removed: SparkDimension_Data\GI\level4\9e (0 kB)
[2017-07-16 18:47:23]: Removed: SparkDimension_Data\GI\level4\9e\9ec441c947530f44329fbc55ea8edb7b.caw (10 kB)
[2017-07-16 18:47:23]: Removed: SparkDimension_Data\GI\level4\9e\9ec441c947530f44329fbc55ea8edb7b.ecm (13 kB)
[2017-07-16 18:47:23]: Removed: SparkDimension_Data\GI\level4\9e\9ec441c947530f44329fbc55ea8edb7b.iws.sse (24 kB)
[2017-07-16 18:47:23]: Removed: SparkDimension_Data\GI\level4\9e\9ec441c947530f44329fbc55ea8edb7b.rgb (13 kB)
[2017-07-16 18:47:23]: Removed: SparkDimension_Data\GI\level4\9e\9ec441c947530f44329fbc55ea8edb7b.rsc.sse (237 kB)
[2017-07-16 18:47:23]: Removed: SparkDimension_Data\GI\level4\9e\9ec441c947530f44329fbc55ea8edb7b.vis (25 kB)
[2017-07-16 18:47:23]: Removed: SparkDimension_Data\GI\level4\ab (0 kB)
[2017-07-16 18:47:23]: Removed: SparkDimension_Data\GI\level4\ab\ab7ededb992988a0e23065f4cd700a9a.caw (10 kB)
[2017-07-16 18:47:23]: Removed: SparkDimension_Data\GI\level4\ab\ab7ededb992988a0e23065f4cd700a9a.ecm (13 kB)
[2017-07-16 18:47:23]: Removed: SparkDimension_Data\GI\level4\ab\ab7ededb992988a0e23065f4cd700a9a.iws.sse (22 kB)
[2017-07-16 18:47:23]: Removed: SparkDimension_Data\GI\level4\ab\ab7ededb992988a0e23065f4cd700a9a.rgb (13 kB)
[2017-07-16 18:47:23]: Removed: SparkDimension_Data\GI\level4\ab\ab7ededb992988a0e23065f4cd700a9a.rsc.sse (222 kB)
[2017-07-16 18:47:23]: Removed: SparkDimension_Data\GI\level4\ab\ab7ededb992988a0e23065f4cd700a9a.vis (23 kB)
[2017-07-16 18:47:23]: Removed: SparkDimension_Data\GI\level4\af (0 kB)
[2017-07-16 18:47:23]: Removed: SparkDimension_Data\GI\level4\af\af77ec1d23a5d5cf4fb80f5612c09e0a.caw (10 kB)
[2017-07-16 18:47:23]: Removed: SparkDimension_Data\GI\level4\af\af77ec1d23a5d5cf4fb80f5612c09e0a.ecm (13 kB)
[2017-07-16 18:47:23]: Removed: SparkDimension_Data\GI\level4\af\af77ec1d23a5d5cf4fb80f5612c09e0a.iws.sse (24 kB)
[2017-07-16 18:47:23]: Removed: SparkDimension_Data\GI\level4\af\af77ec1d23a5d5cf4fb80f5612c09e0a.rgb (13 kB)
[2017-07-16 18:47:23]: Removed: SparkDimension_Data\GI\level4\af\af77ec1d23a5d5cf4fb80f5612c09e0a.rsc.sse (239 kB)
[2017-07-16 18:47:23]: Removed: SparkDimension_Data\GI\level4\af\af77ec1d23a5d5cf4fb80f5612c09e0a.vis (26 kB)
[2017-07-16 18:47:23]: Removed: SparkDimension_Data\GI\level4\af\af9bf9422c343087531c92d74c508ff3.caw (11 kB)
[2017-07-16 18:47:23]: Removed: SparkDimension_Data\GI\level4\af\af9bf9422c343087531c92d74c508ff3.ecm (13 kB)
[2017-07-16 18:47:23]: Removed: SparkDimension_Data\GI\level4\af\af9bf9422c343087531c92d74c508ff3.iws.sse (30 kB)
[2017-07-16 18:47:23]: Removed: SparkDimension_Data\GI\level4\af\af9bf9422c343087531c92d74c508ff3.rgb (13 kB)
[2017-07-16 18:47:23]: Removed: SparkDimension_Data\GI\level4\af\af9bf9422c343087531c92d74c508ff3.rsc.sse (224 kB)
[2017-07-16 18:47:23]: Removed: SparkDimension_Data\GI\level4\af\af9bf9422c343087531c92d74c508ff3.vis (31 kB)
[2017-07-16 18:47:23]: Removed: SparkDimension_Data\GI\level4\af\afd5ac2ab42f3627f0a2fdc60c567d73.caw (10 kB)
[2017-07-16 18:47:23]: Removed: SparkDimension_Data\GI\level4\af\afd5ac2ab42f3627f0a2fdc60c567d73.ecm (13 kB)
[2017-07-16 18:47:23]: Removed: SparkDimension_Data\GI\level4\af\afd5ac2ab42f3627f0a2fdc60c567d73.iws.sse (24 kB)
[2017-07-16 18:47:23]: Removed: SparkDimension_Data\GI\level4\af\afd5ac2ab42f3627f0a2fdc60c567d73.rgb (13 kB)
[2017-07-16 18:47:23]: Removed: SparkDimension_Data\GI\level4\af\afd5ac2ab42f3627f0a2fdc60c567d73.rsc.sse (222 kB)
[2017-07-16 18:47:23]: Removed: SparkDimension_Data\GI\level4\af\afd5ac2ab42f3627f0a2fdc60c567d73.vis (26 kB)
[2017-07-16 18:47:23]: Removed: SparkDimension_Data\GI\level4\b0 (0 kB)
[2017-07-16 18:47:23]: Removed: SparkDimension_Data\GI\level4\b0\b0793d8fcc8c97f993126523b0222687.caw (12 kB)
[2017-07-16 18:47:23]: Removed: SparkDimension_Data\GI\level4\b0\b0793d8fcc8c97f993126523b0222687.ecm (13 kB)
[2017-07-16 18:47:23]: Removed: SparkDimension_Data\GI\level4\b0\b0793d8fcc8c97f993126523b0222687.iws.sse (34 kB)
[2017-07-16 18:47:23]: Removed: SparkDimension_Data\GI\level4\b0\b0793d8fcc8c97f993126523b0222687.rgb (13 kB)
[2017-07-16 18:47:23]: Removed: SparkDimension_Data\GI\level4\b0\b0793d8fcc8c97f993126523b0222687.rsc.sse (230 kB)
[2017-07-16 18:47:23]: Removed: SparkDimension_Data\GI\level4\b0\b0793d8fcc8c97f993126523b0222687.vis (35 kB)
[2017-07-16 18:47:23]: Removed: SparkDimension_Data\GI\level4\b0\b0b2e86e25bf72259472484b6578d5a2.caw (10 kB)
[2017-07-16 18:47:23]: Removed: SparkDimension_Data\GI\level4\b0\b0b2e86e25bf72259472484b6578d5a2.ecm (13 kB)
[2017-07-16 18:47:23]: Removed: SparkDimension_Data\GI\level4\b0\b0b2e86e25bf72259472484b6578d5a2.iws.sse (24 kB)
[2017-07-16 18:47:23]: Removed: SparkDimension_Data\GI\level4\b0\b0b2e86e25bf72259472484b6578d5a2.rgb (13 kB)
[2017-07-16 18:47:23]: Removed: SparkDimension_Data\GI\level4\b0\b0b2e86e25bf72259472484b6578d5a2.rsc.sse (222 kB)
[2017-07-16 18:47:23]: Removed: SparkDimension_Data\GI\level4\b0\b0b2e86e25bf72259472484b6578d5a2.vis (25 kB)
[2017-07-16 18:47:23]: Removed: SparkDimension_Data\GI\level4\b6 (0 kB)
[2017-07-16 18:47:23]: Removed: SparkDimension_Data\GI\level4\b6\b6f0b3385b003e062b15a211eb5a4f21.caw (10 kB)
[2017-07-16 18:47:23]: Removed: SparkDimension_Data\GI\level4\b6\b6f0b3385b003e062b15a211eb5a4f21.ecm (13 kB)
[2017-07-16 18:47:23]: Removed: SparkDimension_Data\GI\level4\b6\b6f0b3385b003e062b15a211eb5a4f21.iws.sse (24 kB)
[2017-07-16 18:47:23]: Removed: SparkDimension_Data\GI\level4\b6\b6f0b3385b003e062b15a211eb5a4f21.rgb (13 kB)
[2017-07-16 18:47:23]: Removed: SparkDimension_Data\GI\level4\b6\b6f0b3385b003e062b15a211eb5a4f21.rsc.sse (222 kB)
[2017-07-16 18:47:23]: Removed: SparkDimension_Data\GI\level4\b6\b6f0b3385b003e062b15a211eb5a4f21.vis (26 kB)
[2017-07-16 18:47:23]: Removed: SparkDimension_Data\GI\level4\b7 (0 kB)
[2017-07-16 18:47:23]: Removed: SparkDimension_Data\GI\level4\b7\b77cb7b40f3e76caed525563a83ebdef.caw (10 kB)
[2017-07-16 18:47:23]: Removed: SparkDimension_Data\GI\level4\b7\b77cb7b40f3e76caed525563a83ebdef.ecm (13 kB)
[2017-07-16 18:47:23]: Removed: SparkDimension_Data\GI\level4\b7\b77cb7b40f3e76caed525563a83ebdef.iws.sse (23 kB)
[2017-07-16 18:47:23]: Removed: SparkDimension_Data\GI\level4\b7\b77cb7b40f3e76caed525563a83ebdef.rgb (13 kB)
[2017-07-16 18:47:23]: Removed: SparkDimension_Data\GI\level4\b7\b77cb7b40f3e76caed525563a83ebdef.rsc.sse (234 kB)
[2017-07-16 18:47:23]: Removed: SparkDimension_Data\GI\level4\b7\b77cb7b40f3e76caed525563a83ebdef.vis (25 kB)
[2017-07-16 18:47:23]: Removed: SparkDimension_Data\GI\level4\b7\b7aeabfc51cf502f35b983a07463c832.caw (10 kB)
[2017-07-16 18:47:23]: Removed: SparkDimension_Data\GI\level4\b7\b7aeabfc51cf502f35b983a07463c832.ecm (13 kB)
[2017-07-16 18:47:23]: Removed: SparkDimension_Data\GI\level4\b7\b7aeabfc51cf502f35b983a07463c832.iws.sse (23 kB)
[2017-07-16 18:47:23]: Removed: SparkDimension_Data\GI\level4\b7\b7aeabfc51cf502f35b983a07463c832.rgb (13 kB)
[2017-07-16 18:47:23]: Removed: SparkDimension_Data\GI\level4\b7\b7aeabfc51cf502f35b983a07463c832.rsc.sse (227 kB)
[2017-07-16 18:47:23]: Removed: SparkDimension_Data\GI\level4\b7\b7aeabfc51cf502f35b983a07463c832.vis (24 kB)
[2017-07-16 18:47:23]: Removed: SparkDimension_Data\GI\level4\b8 (0 kB)
[2017-07-16 18:47:23]: Removed: SparkDimension_Data\GI\level4\b8\b8e1366c054c0c5877597f14a5e6ca9d.caw (12 kB)
[2017-07-16 18:47:23]: Removed: SparkDimension_Data\GI\level4\b8\b8e1366c054c0c5877597f14a5e6ca9d.ecm (13 kB)
[2017-07-16 18:47:23]: Removed: SparkDimension_Data\GI\level4\b8\b8e1366c054c0c5877597f14a5e6ca9d.iws.sse (30 kB)
[2017-07-16 18:47:23]: Removed: SparkDimension_Data\GI\level4\b8\b8e1366c054c0c5877597f14a5e6ca9d.rgb (13 kB)
[2017-07-16 18:47:23]: Removed: SparkDimension_Data\GI\level4\b8\b8e1366c054c0c5877597f14a5e6ca9d.rsc.sse (229 kB)
[2017-07-16 18:47:23]: Removed: SparkDimension_Data\GI\level4\b8\b8e1366c054c0c5877597f14a5e6ca9d.vis (32 kB)
[2017-07-16 18:47:23]: Removed: SparkDimension_Data\GI\level4\bc (0 kB)
[2017-07-16 18:47:23]: Removed: SparkDimension_Data\GI\level4\bc\bcc8e1b26140131c4ca618f65124b3eb.caw (10 kB)
[2017-07-16 18:47:23]: Removed: SparkDimension_Data\GI\level4\bc\bcc8e1b26140131c4ca618f65124b3eb.ecm (13 kB)
[2017-07-16 18:47:23]: Removed: SparkDimension_Data\GI\level4\bc\bcc8e1b26140131c4ca618f65124b3eb.iws.sse (22 kB)
[2017-07-16 18:47:23]: Removed: SparkDimension_Data\GI\level4\bc\bcc8e1b26140131c4ca618f65124b3eb.rgb (13 kB)
[2017-07-16 18:47:23]: Removed: SparkDimension_Data\GI\level4\bc\bcc8e1b26140131c4ca618f65124b3eb.rsc.sse (226 kB)
[2017-07-16 18:47:23]: Removed: SparkDimension_Data\GI\level4\bc\bcc8e1b26140131c4ca618f65124b3eb.vis (23 kB)
[2017-07-16 18:47:23]: Removed: SparkDimension_Data\GI\level4\c1 (0 kB)
[2017-07-16 18:47:23]: Removed: SparkDimension_Data\GI\level4\c1\c12ac063d90654aef32642fc114322df.caw (12 kB)
[2017-07-16 18:47:23]: Removed: SparkDimension_Data\GI\level4\c1\c12ac063d90654aef32642fc114322df.ecm (13 kB)
[2017-07-16 18:47:23]: Removed: SparkDimension_Data\GI\level4\c1\c12ac063d90654aef32642fc114322df.iws.sse (33 kB)
[2017-07-16 18:47:23]: Removed: SparkDimension_Data\GI\level4\c1\c12ac063d90654aef32642fc114322df.rgb (13 kB)
[2017-07-16 18:47:23]: Removed: SparkDimension_Data\GI\level4\c1\c12ac063d90654aef32642fc114322df.rsc.sse (228 kB)
[2017-07-16 18:47:23]: Removed: SparkDimension_Data\GI\level4\c1\c12ac063d90654aef32642fc114322df.vis (35 kB)
[2017-07-16 18:47:23]: Removed: SparkDimension_Data\GI\level4\ca (0 kB)
[2017-07-16 18:47:23]: Removed: SparkDimension_Data\GI\level4\ca\ca304423038c3a28ff60669ba442b08c.caw (9 kB)
[2017-07-16 18:47:23]: Removed: SparkDimension_Data\GI\level4\ca\ca304423038c3a28ff60669ba442b08c.ecm (13 kB)
[2017-07-16 18:47:23]: Removed: SparkDimension_Data\GI\level4\ca\ca304423038c3a28ff60669ba442b08c.iws.sse (22 kB)
[2017-07-16 18:47:23]: Removed: SparkDimension_Data\GI\level4\ca\ca304423038c3a28ff60669ba442b08c.rgb (13 kB)
[2017-07-16 18:47:23]: Removed: SparkDimension_Data\GI\level4\ca\ca304423038c3a28ff60669ba442b08c.rsc.sse (213 kB)
[2017-07-16 18:47:23]: Removed: SparkDimension_Data\GI\level4\ca\ca304423038c3a28ff60669ba442b08c.vis (22 kB)
[2017-07-16 18:47:23]: Removed: SparkDimension_Data\GI\level4\d8 (0 kB)
[2017-07-16 18:47:23]: Removed: SparkDimension_Data\GI\level4\d8\d86e00c860698b3ca62830a9781673b6.caw (11 kB)
[2017-07-16 18:47:23]: Removed: SparkDimension_Data\GI\level4\d8\d86e00c860698b3ca62830a9781673b6.ecm (13 kB)
[2017-07-16 18:47:23]: Removed: SparkDimension_Data\GI\level4\d8\d86e00c860698b3ca62830a9781673b6.iws.sse (28 kB)
[2017-07-16 18:47:23]: Removed: SparkDimension_Data\GI\level4\d8\d86e00c860698b3ca62830a9781673b6.rgb (13 kB)
[2017-07-16 18:47:23]: Removed: SparkDimension_Data\GI\level4\d8\d86e00c860698b3ca62830a9781673b6.rsc.sse (224 kB)
[2017-07-16 18:47:23]: Removed: SparkDimension_Data\GI\level4\d8\d86e00c860698b3ca62830a9781673b6.vis (29 kB)
[2017-07-16 18:47:23]: Removed: SparkDimension_Data\GI\level4\d9 (0 kB)
[2017-07-16 18:47:23]: Removed: SparkDimension_Data\GI\level4\d9\d93cd81f80eed816f7afe59c170df523.caw (10 kB)
[2017-07-16 18:47:23]: Removed: SparkDimension_Data\GI\level4\d9\d93cd81f80eed816f7afe59c170df523.ecm (13 kB)
[2017-07-16 18:47:23]: Removed: SparkDimension_Data\GI\level4\d9\d93cd81f80eed816f7afe59c170df523.iws.sse (25 kB)
[2017-07-16 18:47:23]: Removed: SparkDimension_Data\GI\level4\d9\d93cd81f80eed816f7afe59c170df523.rgb (13 kB)
[2017-07-16 18:47:23]: Removed: SparkDimension_Data\GI\level4\d9\d93cd81f80eed816f7afe59c170df523.rsc.sse (224 kB)
[2017-07-16 18:47:23]: Removed: SparkDimension_Data\GI\level4\d9\d93cd81f80eed816f7afe59c170df523.vis (27 kB)
[2017-07-16 18:47:23]: Removed: SparkDimension_Data\GI\level4\de (0 kB)
[2017-07-16 18:47:23]: Removed: SparkDimension_Data\GI\level4\de\de527367d01a42a092052892828aad7f.caw (11 kB)
[2017-07-16 18:47:23]: Removed: SparkDimension_Data\GI\level4\de\de527367d01a42a092052892828aad7f.ecm (13 kB)
[2017-07-16 18:47:23]: Removed: SparkDimension_Data\GI\level4\de\de527367d01a42a092052892828aad7f.iws.sse (28 kB)
[2017-07-16 18:47:23]: Removed: SparkDimension_Data\GI\level4\de\de527367d01a42a092052892828aad7f.rgb (13 kB)
[2017-07-16 18:47:23]: Removed: SparkDimension_Data\GI\level4\de\de527367d01a42a092052892828aad7f.rsc.sse (215 kB)
[2017-07-16 18:47:23]: Removed: SparkDimension_Data\GI\level4\de\de527367d01a42a092052892828aad7f.vis (29 kB)
[2017-07-16 18:47:23]: Removed: SparkDimension_Data\GI\level4\de\deb14754b92242d1b4591dc561008bbf.caw (10 kB)
[2017-07-16 18:47:23]: Removed: SparkDimension_Data\GI\level4\de\deb14754b92242d1b4591dc561008bbf.ecm (13 kB)
[2017-07-16 18:47:23]: Removed: SparkDimension_Data\GI\level4\de\deb14754b92242d1b4591dc561008bbf.iws.sse (26 kB)
[2017-07-16 18:47:23]: Removed: SparkDimension_Data\GI\level4\de\deb14754b92242d1b4591dc561008bbf.rgb (13 kB)
[2017-07-16 18:47:23]: Removed: SparkDimension_Data\GI\level4\de\deb14754b92242d1b4591dc561008bbf.rsc.sse (228 kB)
[2017-07-16 18:47:23]: Removed: SparkDimension_Data\GI\level4\de\deb14754b92242d1b4591dc561008bbf.vis (28 kB)
[2017-07-16 18:47:23]: Removed: SparkDimension_Data\GI\level4\e3 (0 kB)
[2017-07-16 18:47:23]: Removed: SparkDimension_Data\GI\level4\e3\e394d525cb440ab11c0ffdea0500a4f1.caw (10 kB)
[2017-07-16 18:47:23]: Removed: SparkDimension_Data\GI\level4\e3\e394d525cb440ab11c0ffdea0500a4f1.ecm (13 kB)
[2017-07-16 18:47:23]: Removed: SparkDimension_Data\GI\level4\e3\e394d525cb440ab11c0ffdea0500a4f1.iws.sse (23 kB)
[2017-07-16 18:47:23]: Removed: SparkDimension_Data\GI\level4\e3\e394d525cb440ab11c0ffdea0500a4f1.rgb (13 kB)
[2017-07-16 18:47:23]: Removed: SparkDimension_Data\GI\level4\e3\e394d525cb440ab11c0ffdea0500a4f1.rsc.sse (222 kB)
[2017-07-16 18:47:23]: Removed: SparkDimension_Data\GI\level4\e3\e394d525cb440ab11c0ffdea0500a4f1.vis (24 kB)
[2017-07-16 18:47:23]: Removed: SparkDimension_Data\GI\level4\e6 (0 kB)
[2017-07-16 18:47:23]: Removed: SparkDimension_Data\GI\level4\e6\e6a646ab6e52aca731533a64b63cac5a.caw (11 kB)
[2017-07-16 18:47:23]: Removed: SparkDimension_Data\GI\level4\e6\e6a646ab6e52aca731533a64b63cac5a.ecm (13 kB)
[2017-07-16 18:47:23]: Removed: SparkDimension_Data\GI\level4\e6\e6a646ab6e52aca731533a64b63cac5a.iws.sse (30 kB)
[2017-07-16 18:47:23]: Removed: SparkDimension_Data\GI\level4\e6\e6a646ab6e52aca731533a64b63cac5a.rgb (13 kB)
[2017-07-16 18:47:23]: Removed: SparkDimension_Data\GI\level4\e6\e6a646ab6e52aca731533a64b63cac5a.rsc.sse (224 kB)
[2017-07-16 18:47:23]: Removed: SparkDimension_Data\GI\level4\e6\e6a646ab6e52aca731533a64b63cac5a.vis (31 kB)
[2017-07-16 18:47:23]: Removed: SparkDimension_Data\GI\level4\ea (0 kB)
[2017-07-16 18:47:23]: Removed: SparkDimension_Data\GI\level4\ea\ea58788111d17f933725ebabcc4b88b8.caw (10 kB)
[2017-07-16 18:47:23]: Removed: SparkDimension_Data\GI\level4\ea\ea58788111d17f933725ebabcc4b88b8.ecm (13 kB)
[2017-07-16 18:47:23]: Removed: SparkDimension_Data\GI\level4\ea\ea58788111d17f933725ebabcc4b88b8.iws.sse (27 kB)
[2017-07-16 18:47:23]: Removed: SparkDimension_Data\GI\level4\ea\ea58788111d17f933725ebabcc4b88b8.rgb (13 kB)
[2017-07-16 18:47:23]: Removed: SparkDimension_Data\GI\level4\ea\ea58788111d17f933725ebabcc4b88b8.rsc.sse (226 kB)
[2017-07-16 18:47:23]: Removed: SparkDimension_Data\GI\level4\ea\ea58788111d17f933725ebabcc4b88b8.vis (28 kB)
[2017-07-16 18:47:23]: Removed: SparkDimension_Data\GI\level4\ea\ea837ccbf5c01f56b171564e80359da0.caw (11 kB)
[2017-07-16 18:47:23]: Removed: SparkDimension_Data\GI\level4\ea\ea837ccbf5c01f56b171564e80359da0.ecm (13 kB)
[2017-07-16 18:47:23]: Removed: SparkDimension_Data\GI\level4\ea\ea837ccbf5c01f56b171564e80359da0.iws.sse (29 kB)
[2017-07-16 18:47:23]: Removed: SparkDimension_Data\GI\level4\ea\ea837ccbf5c01f56b171564e80359da0.rgb (13 kB)
[2017-07-16 18:47:23]: Removed: SparkDimension_Data\GI\level4\ea\ea837ccbf5c01f56b171564e80359da0.rsc.sse (240 kB)
[2017-07-16 18:47:23]: Removed: SparkDimension_Data\GI\level4\ea\ea837ccbf5c01f56b171564e80359da0.vis (30 kB)
[2017-07-16 18:47:23]: Removed: SparkDimension_Data\GI\level4\ea\ea9d7e128ba64e75c993812202c85292.caw (10 kB)
[2017-07-16 18:47:23]: Removed: SparkDimension_Data\GI\level4\ea\ea9d7e128ba64e75c993812202c85292.ecm (13 kB)
[2017-07-16 18:47:23]: Removed: SparkDimension_Data\GI\level4\ea\ea9d7e128ba64e75c993812202c85292.iws.sse (23 kB)
[2017-07-16 18:47:23]: Removed: SparkDimension_Data\GI\level4\ea\ea9d7e128ba64e75c993812202c85292.rgb (13 kB)
[2017-07-16 18:47:23]: Removed: SparkDimension_Data\GI\level4\ea\ea9d7e128ba64e75c993812202c85292.rsc.sse (221 kB)
[2017-07-16 18:47:23]: Removed: SparkDimension_Data\GI\level4\ea\ea9d7e128ba64e75c993812202c85292.vis (24 kB)
[2017-07-16 18:47:23]: Removed: SparkDimension_Data\GI\level4\ec (0 kB)
[2017-07-16 18:47:23]: Removed: SparkDimension_Data\GI\level4\ec\eca06419c6f2be5a648fba10acb344bb.caw (12 kB)
[2017-07-16 18:47:23]: Removed: SparkDimension_Data\GI\level4\ec\eca06419c6f2be5a648fba10acb344bb.ecm (14 kB)
[2017-07-16 18:47:23]: Removed: SparkDimension_Data\GI\level4\ec\eca06419c6f2be5a648fba10acb344bb.iws.sse (29 kB)
[2017-07-16 18:47:23]: Removed: SparkDimension_Data\GI\level4\ec\eca06419c6f2be5a648fba10acb344bb.rgb (14 kB)
[2017-07-16 18:47:23]: Removed: SparkDimension_Data\GI\level4\ec\eca06419c6f2be5a648fba10acb344bb.rsc.sse (242 kB)
[2017-07-16 18:47:23]: Removed: SparkDimension_Data\GI\level4\ec\eca06419c6f2be5a648fba10acb344bb.vis (31 kB)
[2017-07-16 18:47:23]: Removed: SparkDimension_Data\GI\level4\f3 (0 kB)
[2017-07-16 18:47:23]: Removed: SparkDimension_Data\GI\level4\f3\f3149c762264d90d4e78d3e4ed4407f8.caw (9 kB)
[2017-07-16 18:47:23]: Removed: SparkDimension_Data\GI\level4\f3\f3149c762264d90d4e78d3e4ed4407f8.ecm (13 kB)
[2017-07-16 18:47:23]: Removed: SparkDimension_Data\GI\level4\f3\f3149c762264d90d4e78d3e4ed4407f8.iws.sse (19 kB)
[2017-07-16 18:47:23]: Removed: SparkDimension_Data\GI\level4\f3\f3149c762264d90d4e78d3e4ed4407f8.rgb (13 kB)
[2017-07-16 18:47:23]: Removed: SparkDimension_Data\GI\level4\f3\f3149c762264d90d4e78d3e4ed4407f8.rsc.sse (227 kB)
[2017-07-16 18:47:23]: Removed: SparkDimension_Data\GI\level4\f3\f3149c762264d90d4e78d3e4ed4407f8.vis (21 kB)
[2017-07-16 18:47:23]: Removed: SparkDimension_Data\GI\level4\f9 (0 kB)
[2017-07-16 18:47:23]: Removed: SparkDimension_Data\GI\level4\f9\f950d14adac334beb57c52b58a563648.caw (12 kB)
[2017-07-16 18:47:23]: Removed: SparkDimension_Data\GI\level4\f9\f950d14adac334beb57c52b58a563648.ecm (13 kB)
[2017-07-16 18:47:23]: Removed: SparkDimension_Data\GI\level4\f9\f950d14adac334beb57c52b58a563648.iws.sse (35 kB)
[2017-07-16 18:47:23]: Removed: SparkDimension_Data\GI\level4\f9\f950d14adac334beb57c52b58a563648.rgb (13 kB)
[2017-07-16 18:47:23]: Removed: SparkDimension_Data\GI\level4\f9\f950d14adac334beb57c52b58a563648.rsc.sse (225 kB)
[2017-07-16 18:47:23]: Removed: SparkDimension_Data\GI\level4\f9\f950d14adac334beb57c52b58a563648.vis (36 kB)
[2017-07-16 18:47:23]: Removed: SparkDimension_Data\GI\level4\fc (0 kB)
[2017-07-16 18:47:23]: Removed: SparkDimension_Data\GI\level4\fc\fc127d747147c21e59b9c78c5dd667f9.caw (12 kB)
[2017-07-16 18:47:23]: Removed: SparkDimension_Data\GI\level4\fc\fc127d747147c21e59b9c78c5dd667f9.ecm (12 kB)
[2017-07-16 18:47:23]: Removed: SparkDimension_Data\GI\level4\fc\fc127d747147c21e59b9c78c5dd667f9.iws.sse (34 kB)
[2017-07-16 18:47:23]: Removed: SparkDimension_Data\GI\level4\fc\fc127d747147c21e59b9c78c5dd667f9.rgb (12 kB)
[2017-07-16 18:47:23]: Removed: SparkDimension_Data\GI\level4\fc\fc127d747147c21e59b9c78c5dd667f9.rsc.sse (223 kB)
[2017-07-16 18:47:23]: Removed: SparkDimension_Data\GI\level4\fc\fc127d747147c21e59b9c78c5dd667f9.vis (36 kB)
[2017-07-16 18:47:23]: Removed: SparkDimension_Data\GI\level4\ff (0 kB)
[2017-07-16 18:47:23]: Removed: SparkDimension_Data\GI\level4\ff\fff9341f3ae81aff06d0425d594e5441.caw (10 kB)
[2017-07-16 18:47:23]: Removed: SparkDimension_Data\GI\level4\ff\fff9341f3ae81aff06d0425d594e5441.ecm (13 kB)
[2017-07-16 18:47:23]: Removed: SparkDimension_Data\GI\level4\ff\fff9341f3ae81aff06d0425d594e5441.iws.sse (21 kB)
[2017-07-16 18:47:23]: Removed: SparkDimension_Data\GI\level4\ff\fff9341f3ae81aff06d0425d594e5441.rgb (13 kB)
[2017-07-16 18:47:23]: Removed: SparkDimension_Data\GI\level4\ff\fff9341f3ae81aff06d0425d594e5441.rsc.sse (213 kB)
[2017-07-16 18:47:23]: Removed: SparkDimension_Data\GI\level4\ff\fff9341f3ae81aff06d0425d594e5441.vis (22 kB)
[2017-07-16 18:47:23]: Removed: SparkDimension_Data\globalgamemanagers (2249 kB)
[2017-07-16 18:47:23]: Removed: SparkDimension_Data\globalgamemanagers.assets (386 kB)
[2017-07-16 18:47:23]: Removed: SparkDimension_Data\globalgamemanagers.assets.resS (1611 kB)
[2017-07-16 18:47:23]: Removed: SparkDimension_Data\level0 (150 kB)
[2017-07-16 18:47:23]: Removed: SparkDimension_Data\level1 (674 kB)
[2017-07-16 18:47:23]: Removed: SparkDimension_Data\level2 (892 kB)
[2017-07-16 18:47:23]: Removed: SparkDimension_Data\level3 (14632 kB)
[2017-07-16 18:47:23]: Removed: SparkDimension_Data\level3.resS (129 kB)
[2017-07-16 18:47:23]: Removed: SparkDimension_Data\level4 (9727 kB)
[2017-07-16 18:47:23]: Removed: SparkDimension_Data\level4.resS (257 kB)
[2017-07-16 18:47:23]: Removed: SparkDimension_Data\Managed (0 kB)
[2017-07-16 18:47:23]: Removed: SparkDimension_Data\Managed\AmplifyColor.dll (4 kB)
[2017-07-16 18:47:23]: Removed: SparkDimension_Data\Managed\AmplifyMotion.dll (4 kB)
[2017-07-16 18:47:23]: Removed: SparkDimension_Data\Managed\AmplifyOcclusion.dll (4 kB)
[2017-07-16 18:47:23]: Removed: SparkDimension_Data\Managed\Assembly-Boo.dll (3 kB)
[2017-07-16 18:47:23]: Removed: SparkDimension_Data\Managed\Assembly-CSharp-firstpass.dll (1194 kB)
[2017-07-16 18:47:23]: Removed: SparkDimension_Data\Managed\Assembly-CSharp.dll (3817 kB)
[2017-07-16 18:47:23]: Removed: SparkDimension_Data\Managed\Assembly-UnityScript-firstpass.dll (89 kB)
[2017-07-16 18:47:23]: Removed: SparkDimension_Data\Managed\Assembly-UnityScript.dll (121 kB)
[2017-07-16 18:47:23]: Removed: SparkDimension_Data\Managed\Benchy.dll (50 kB)
[2017-07-16 18:47:23]: Removed: SparkDimension_Data\Managed\Boo.Lang.dll (124 kB)
[2017-07-16 18:47:23]: Removed: SparkDimension_Data\Managed\CruncherScripts.dll (12 kB)
[2017-07-16 18:47:23]: Removed: SparkDimension_Data\Managed\ES2.dll (100 kB)
[2017-07-16 18:47:23]: Removed: SparkDimension_Data\Managed\Generators.dll (19 kB)
[2017-07-16 18:47:23]: Removed: SparkDimension_Data\Managed\Mono.Cecil.dll (283 kB)
[2017-07-16 18:47:23]: Removed: SparkDimension_Data\Managed\Mono.Posix.dll (180 kB)
[2017-07-16 18:47:23]: Removed: SparkDimension_Data\Managed\Mono.Security.dll (288 kB)
[2017-07-16 18:47:23]: Removed: SparkDimension_Data\Managed\MoodkieSecurity.dll (10 kB)
[2017-07-16 18:47:23]: Removed: SparkDimension_Data\Managed\mscorlib.dll (2530 kB)
[2017-07-16 18:47:23]: Removed: SparkDimension_Data\Managed\P2T.dll (82 kB)
[2017-07-16 18:47:23]: Removed: SparkDimension_Data\Managed\System.Configuration.dll (122 kB)
[2017-07-16 18:47:23]: Removed: SparkDimension_Data\Managed\System.Core.dll (291 kB)
[2017-07-16 18:47:23]: Removed: SparkDimension_Data\Managed\System.dll (1640 kB)
[2017-07-16 18:47:23]: Removed: SparkDimension_Data\Managed\System.Drawing.dll (438 kB)
[2017-07-16 18:47:23]: Removed: SparkDimension_Data\Managed\System.Security.dll (132 kB)
[2017-07-16 18:47:23]: Removed: SparkDimension_Data\Managed\System.Xml.dll (1241 kB)
[2017-07-16 18:47:23]: Removed: SparkDimension_Data\Managed\UnityEngine.dll (1172 kB)
[2017-07-16 18:47:23]: Removed: SparkDimension_Data\Managed\UnityEngine.dll.mdb (404 kB)
[2017-07-16 18:47:23]: Removed: SparkDimension_Data\Managed\UnityEngine.Networking.dll (246 kB)
[2017-07-16 18:47:23]: Removed: SparkDimension_Data\Managed\UnityEngine.PlaymodeTestsRunner.dll (30 kB)
[2017-07-16 18:47:23]: Removed: SparkDimension_Data\Managed\UnityEngine.UI.dll (237 kB)
[2017-07-16 18:47:23]: Removed: SparkDimension_Data\Managed\UnityScript.Lang.dll (14 kB)
[2017-07-16 18:47:23]: Removed: SparkDimension_Data\Mono (0 kB)
[2017-07-16 18:47:23]: Removed: SparkDimension_Data\Mono\etc (0 kB)
[2017-07-16 18:47:23]: Removed: SparkDimension_Data\Mono\etc\mono (0 kB)
[2017-07-16 18:47:23]: Removed: SparkDimension_Data\Mono\etc\mono\1.0 (0 kB)
[2017-07-16 18:47:23]: Removed: SparkDimension_Data\Mono\etc\mono\1.0\DefaultWsdlHelpGenerator.aspx (57 kB)
[2017-07-16 18:47:23]: Removed: SparkDimension_Data\Mono\etc\mono\1.0\machine.config (17 kB)
[2017-07-16 18:47:23]: Removed: SparkDimension_Data\Mono\etc\mono\2.0 (0 kB)
[2017-07-16 18:47:23]: Removed: SparkDimension_Data\Mono\etc\mono\2.0\Browsers (0 kB)
[2017-07-16 18:47:23]: Removed: SparkDimension_Data\Mono\etc\mono\2.0\Browsers\Compat.browser (2 kB)
[2017-07-16 18:47:23]: Removed: SparkDimension_Data\Mono\etc\mono\2.0\DefaultWsdlHelpGenerator.aspx (60 kB)
[2017-07-16 18:47:23]: Removed: SparkDimension_Data\Mono\etc\mono\2.0\machine.config (27 kB)
[2017-07-16 18:47:23]: Removed: SparkDimension_Data\Mono\etc\mono\2.0\settings.map (3 kB)
[2017-07-16 18:47:23]: Removed: SparkDimension_Data\Mono\etc\mono\2.0\web.config (12 kB)
[2017-07-16 18:47:23]: Removed: SparkDimension_Data\Mono\etc\mono\browscap.ini (305 kB)
[2017-07-16 18:47:23]: Removed: SparkDimension_Data\Mono\etc\mono\config (2 kB)
[2017-07-16 18:47:23]: Removed: SparkDimension_Data\Mono\etc\mono\mconfig (0 kB)
[2017-07-16 18:47:23]: Removed: SparkDimension_Data\Mono\etc\mono\mconfig\config.xml (26 kB)
[2017-07-16 18:47:23]: Removed: SparkDimension_Data\Mono\mono.dll (2066 kB)
[2017-07-16 18:47:23]: Removed: SparkDimension_Data\Mono\MonoPosixHelper.dll (100 kB)
[2017-07-16 18:47:23]: Removed: SparkDimension_Data\Plugins (0 kB)
[2017-07-16 18:47:23]: Removed: SparkDimension_Data\Plugins\BalancerSDK.dll (339 kB)
[2017-07-16 18:47:23]: Removed: SparkDimension_Data\Plugins\CruncherPlugin.dll (81 kB)
[2017-07-16 18:47:23]: Removed: SparkDimension_Data\Plugins\CSteamworks.dll (130 kB)
[2017-07-16 18:47:23]: Removed: SparkDimension_Data\Plugins\steam_api.dll (183 kB)
[2017-07-16 18:47:23]: Removed: SparkDimension_Data\Resources (0 kB)
[2017-07-16 18:47:23]: Removed: SparkDimension_Data\resources.assets (50833 kB)
[2017-07-16 18:47:23]: Removed: SparkDimension_Data\resources.assets.resS (564845 kB)
[2017-07-16 18:47:23]: Removed: SparkDimension_Data\resources.resource (1963 kB)
[2017-07-16 18:47:23]: Removed: SparkDimension_Data\Resources\unity default resources (721 kB)
[2017-07-16 18:47:23]: Removed: SparkDimension_Data\Resources\unity_builtin_extra (398 kB)
[2017-07-16 18:47:23]: Removed: SparkDimension_Data\ScreenSelector.bmp (385 kB)
[2017-07-16 18:47:23]: Removed: SparkDimension_Data\sharedassets0.assets (165686 kB)
[2017-07-16 18:47:23]: Removed: SparkDimension_Data\sharedassets0.assets.resS (877314 kB)
[2017-07-16 18:47:23]: Removed: SparkDimension_Data\sharedassets0.resource (1781 kB)
[2017-07-16 18:47:23]: Removed: SparkDimension_Data\sharedassets1.assets (30820 kB)
[2017-07-16 18:47:23]: Removed: SparkDimension_Data\sharedassets1.assets.resS (142704 kB)
[2017-07-16 18:47:23]: Removed: SparkDimension_Data\sharedassets1.resource (3446 kB)
[2017-07-16 18:47:23]: Removed: SparkDimension_Data\sharedassets2.assets (76373 kB)
[2017-07-16 18:47:23]: Removed: SparkDimension_Data\sharedassets2.assets.resS (64799 kB)
[2017-07-16 18:47:23]: Removed: SparkDimension_Data\sharedassets2.resource (10 kB)
[2017-07-16 18:47:23]: Removed: SparkDimension_Data\sharedassets3.assets (59290 kB)
[2017-07-16 18:47:23]: Removed: SparkDimension_Data\sharedassets3.assets.resS (642026 kB)
[2017-07-16 18:47:23]: Removed: SparkDimension_Data\sharedassets3.resource (345 kB)
[2017-07-16 18:47:23]: Removed: SparkDimension_Data\sharedassets4.assets (1044 kB)
[2017-07-16 18:47:23]: Removed: SparkDimension_Data\sharedassets4.assets.resS (6828 kB)
[2017-07-16 18:47:23]: Removed: SparkDimension_Data\sharedassets4.resource (4 kB)
[2017-07-16 18:47:23]: Removed: std.map (2737 kB)
[2017-07-16 18:47:23]: Removed: steam_api.dll (183 kB)
[2017-07-16 18:47:23]: Removed: steam_api64.dll (202 kB)
[2017-07-16 18:47:23]: Removed: steam_appid.txt (1 kB)
[2017-07-16 18:47:23]: Summary: 1 files added, 0 files changed, 561 files removed
[2017-07-16 18:47:24]: Uploading new manifest (409 bytes).
[2017-07-16 18:47:25]: Success! Previous manifestID 5755547161701205430 reused, no chunks uploaded.
